#
# There is insufficient memory for the Java Runtime Environment to continue.
# Native memory allocation (mmap) failed to map 999817216 bytes for committing reserved memory.
# Possible reasons:
#   The system is out of physical RAM or swap space
#   In 32 bit mode, the process size limit was hit
# Possible solutions:
#   Reduce memory load on the system
#   Increase physical memory or swap space
#   Check if swap backing store is full
#   Use 64 bit Java on a 64 bit OS
#   Decrease Java heap size (-Xmx/-Xms)
#   Decrease number of Java threads
#   Decrease Java thread stack sizes (-Xss)
#   Set larger code cache with -XX:ReservedCodeCacheSize=
# This output file may be truncated or incomplete.
#
#  Out of Memory Error (os_linux.cpp:2627), pid=4804, tid=0x00007f6468283700
#
# JRE version: Java(TM) SE Runtime Environment (8.0_121-b13) (build 1.8.0_121-b13)
# Java VM: Java HotSpot(TM) 64-Bit Server VM (25.121-b13 mixed mode linux-amd64 compressed oops)
# Failed to write core dump. Core dumps have been disabled. To enable core dumping, try "ulimit -c unlimited" before starting Java again
#

---------------  T H R E A D  ---------------

Current thread (0x00007f649007a800):  VMThread [stack: 0x00007f6468183000,0x00007f6468284000] [id=4828]

Stack: [0x00007f6468183000,0x00007f6468284000],  sp=0x00007f6468282060,  free space=1020k
Native frames: (J=compiled Java code, j=interpreted, Vv=VM code, C=native code)
V  [libjvm.so+0xac703a]  VMError::report_and_die()+0x2ba
V  [libjvm.so+0x4fc7eb]  report_vm_out_of_memory(char const*, int, unsigned long, VMErrorType, char const*)+0x8b
V  [libjvm.so+0x923c43]  os::Linux::commit_memory_impl(char*, unsigned long, bool)+0x103
V  [libjvm.so+0x924199]  os::pd_commit_memory(char*, unsigned long, unsigned long, bool)+0x29
V  [libjvm.so+0x91e4aa]  os::commit_memory(char*, unsigned long, unsigned long, bool)+0x2a
V  [libjvm.so+0x992f03]  PSVirtualSpace::expand_by(unsigned long)+0x53
V  [libjvm.so+0x9837c0]  PSOldGen::expand(unsigned long)+0x170
V  [libjvm.so+0x9839cb]  PSOldGen::resize(unsigned long)+0x1cb
V  [libjvm.so+0x98b6d1]  PSParallelCompact::invoke_no_policy(bool)+0x991
V  [libjvm.so+0x99102d]  PSScavenge::invoke()+0x1ad
V  [libjvm.so+0x947c10]  ParallelScavengeHeap::failed_mem_allocate(unsigned long)+0x70
V  [libjvm.so+0xac8a57]  VM_ParallelGCFailedAllocation::doit()+0x97
V  [libjvm.so+0xad0535]  VM_Operation::evaluate()+0x55
V  [libjvm.so+0xace90a]  VMThread::evaluate_operation(VM_Operation*)+0xba
V  [libjvm.so+0xacec8e]  VMThread::loop()+0x1ce
V  [libjvm.so+0xacf100]  VMThread::run()+0x70
V  [libjvm.so+0x926268]  java_start(Thread*)+0x108

VM_Operation (0x00007f6444dce5a0): ParallelGCFailedAllocation, mode: safepoint, requested by thread 0x00007f6491585800


---------------  P R O C E S S  ---------------

Java Threads: ( => current thread )
  0x00007f6428235000 JavaThread "task-result-getter-3" daemon [_thread_blocked, id=4889, stack(0x00007f641f252000,0x00007f641f353000)]
  0x00007f6428232000 JavaThread "task-result-getter-2" daemon [_thread_blocked, id=4888, stack(0x00007f641f353000,0x00007f641f454000)]
  0x00007f64282ce800 JavaThread "task-result-getter-1" daemon [_thread_blocked, id=4886, stack(0x00007f64240e6000,0x00007f64241e7000)]
  0x00007f64282e7000 JavaThread "task-result-getter-0" daemon [_thread_blocked, id=4885, stack(0x00007f64241e7000,0x00007f64242e8000)]
  0x00007f643000e000 JavaThread "threadDeathWatcher-7-1" daemon [_thread_blocked, id=4882, stack(0x00007f64262ea000,0x00007f64263eb000)]
  0x00007f6420003800 JavaThread "shuffle-server-3-2" daemon [_thread_in_native, id=4881, stack(0x00007f64263eb000,0x00007f64264ec000)]
  0x00007f642808f000 JavaThread "shuffle-client-6-1" daemon [_thread_in_native, id=4880, stack(0x00007f64264ec000,0x00007f64265ed000)]
  0x00007f6428075800 JavaThread "Executor task launch worker-1" daemon [_thread_blocked, id=4879, stack(0x00007f64265ed000,0x00007f64266ee000)]
  0x00007f6428073000 JavaThread "Executor task launch worker-0" daemon [_thread_blocked, id=4878, stack(0x00007f64266ee000,0x00007f64267ef000)]
  0x00007f6491ad7800 JavaThread "pool-16-thread-9" daemon [_thread_blocked, id=4877, stack(0x00007f64279fc000,0x00007f6427afd000)]
  0x00007f6491ad5800 JavaThread "pool-16-thread-8" daemon [_thread_blocked, id=4876, stack(0x00007f6427afd000,0x00007f6427bfe000)]
  0x00007f6491ad4800 JavaThread "pool-16-thread-7" daemon [_thread_blocked, id=4875, stack(0x00007f6427bfe000,0x00007f6427cff000)]
  0x00007f6491a42800 JavaThread "org.apache.hadoop.fs.FileSystem$Statistics$StatisticsDataReferenceCleaner" daemon [_thread_blocked, id=4874, stack(0x00007f6427cff000,0x00007f6427e00000)]
  0x00007f6491753000 JavaThread "pool-16-thread-6" daemon [_thread_blocked, id=4873, stack(0x00007f64442c7000,0x00007f64443c8000)]
  0x00007f6491751800 JavaThread "pool-16-thread-5" daemon [_thread_blocked, id=4872, stack(0x00007f64443c8000,0x00007f64444c9000)]
  0x00007f6491750800 JavaThread "pool-16-thread-4" daemon [_thread_blocked, id=4871, stack(0x00007f64444c9000,0x00007f64445ca000)]
  0x00007f6491729800 JavaThread "pool-16-thread-3" daemon [_thread_blocked, id=4870, stack(0x00007f64447ca000,0x00007f64448cb000)]
  0x00007f6491728000 JavaThread "pool-16-thread-2" daemon [_thread_blocked, id=4869, stack(0x00007f64448cb000,0x00007f64449cc000)]
  0x00007f649171e800 JavaThread "pool-16-thread-1" daemon [_thread_blocked, id=4868, stack(0x00007f64449cc000,0x00007f6444acd000)]
  0x00007f649158b800 JavaThread "SparkListenerBus" daemon [_thread_blocked, id=4867, stack(0x00007f6444acd000,0x00007f6444bce000)]
  0x00007f6491587800 JavaThread "context-cleaner-periodic-gc" daemon [_thread_blocked, id=4866, stack(0x00007f6444bce000,0x00007f6444ccf000)]
  0x00007f6491585800 JavaThread "Spark Context Cleaner" daemon [_thread_blocked, id=4865, stack(0x00007f6444ccf000,0x00007f6444dd0000)]
  0x00007f64914a9800 JavaThread "shuffle-server-5-1" daemon [_thread_blocked, id=4864, stack(0x00007f6444fd0000,0x00007f64450d1000)]
  0x00007f649146e000 JavaThread "driver-heartbeater" daemon [_thread_blocked, id=4863, stack(0x00007f64450d1000,0x00007f64451d2000)]
  0x00007f6491459000 JavaThread "dag-scheduler-event-loop" daemon [_thread_blocked, id=4862, stack(0x00007f64451d2000,0x00007f64452d3000)]
  0x0000000000ec9000 JavaThread "netty-rpc-env-timeout" daemon [_thread_blocked, id=4861, stack(0x00007f64452d3000,0x00007f64453d4000)]
  0x00007f642c002000 JavaThread "heartbeat-receiver-event-loop-thread" daemon [_thread_blocked, id=4860, stack(0x00007f64453d4000,0x00007f64454d5000)]
  0x00007f649142e800 JavaThread "Timer-0" daemon [_thread_blocked, id=4859, stack(0x00007f64584e2000,0x00007f64585e3000)]
  0x00007f649140f800 JavaThread "SparkUI-35" daemon [_thread_blocked, id=4858, stack(0x00007f64456d5000,0x00007f64457d6000)]
  0x00007f649140d800 JavaThread "SparkUI-34" daemon [_thread_blocked, id=4857, stack(0x00007f64457d6000,0x00007f64458d7000)]
  0x00007f649140b800 JavaThread "SparkUI-33" daemon [_thread_blocked, id=4856, stack(0x00007f64458d7000,0x00007f64459d8000)]
  0x00007f6491409800 JavaThread "SparkUI-32" daemon [_thread_blocked, id=4855, stack(0x00007f64459d8000,0x00007f6445ad9000)]
  0x00007f6491407000 JavaThread "SparkUI-31" daemon [_thread_blocked, id=4854, stack(0x00007f64580de000,0x00007f64581df000)]
  0x00007f6491405000 JavaThread "SparkUI-30" daemon [_thread_blocked, id=4853, stack(0x00007f64581df000,0x00007f64582e0000)]
  0x00007f6491403000 JavaThread "SparkUI-29-acceptor-0@35e72091-ServerConnector@3b20c85d{HTTP/1.1}{0.0.0.0:4040}" daemon [_thread_in_native, id=4852, stack(0x00007f64582e0000,0x00007f64583e1000)]
  0x00007f64913fc800 JavaThread "SparkUI-28-selector-ServerConnectorManager@163febc7/0" daemon [_thread_in_native, id=4851, stack(0x00007f64583e1000,0x00007f64584e2000)]
  0x00007f64912ff800 JavaThread "map-output-dispatcher-7" daemon [_thread_blocked, id=4849, stack(0x00007f64587e7000,0x00007f64588e8000)]
  0x00007f64912fd800 JavaThread "map-output-dispatcher-6" daemon [_thread_blocked, id=4848, stack(0x00007f64588e8000,0x00007f64589e9000)]
  0x00007f64912fb800 JavaThread "map-output-dispatcher-5" daemon [_thread_blocked, id=4847, stack(0x00007f64589e9000,0x00007f6458aea000)]
  0x00007f64912fa000 JavaThread "map-output-dispatcher-4" daemon [_thread_blocked, id=4846, stack(0x00007f6458aea000,0x00007f6458beb000)]
  0x00007f64912f8000 JavaThread "map-output-dispatcher-3" daemon [_thread_blocked, id=4845, stack(0x00007f6458beb000,0x00007f6458cec000)]
  0x00007f64912f6000 JavaThread "map-output-dispatcher-2" daemon [_thread_blocked, id=4844, stack(0x00007f6458cec000,0x00007f6458ded000)]
  0x00007f64912f4800 JavaThread "map-output-dispatcher-1" daemon [_thread_blocked, id=4843, stack(0x00007f6458ded000,0x00007f6458eee000)]
  0x00007f64912f3800 JavaThread "map-output-dispatcher-0" daemon [_thread_blocked, id=4842, stack(0x00007f6458eee000,0x00007f6458fef000)]
  0x00007f64912c6800 JavaThread "shuffle-server-3-1" daemon [_thread_blocked, id=4841, stack(0x00007f6458fef000,0x00007f64590f0000)]
  0x00007f64911aa800 JavaThread "dispatcher-event-loop-1" daemon [_thread_blocked, id=4840, stack(0x00007f6459514000,0x00007f6459615000)]
  0x00007f64911a9800 JavaThread "dispatcher-event-loop-0" daemon [_thread_blocked, id=4839, stack(0x00007f6459c2d000,0x00007f6459d2e000)]
  0x00007f64900c2000 JavaThread "Service Thread" daemon [_thread_blocked, id=4834, stack(0x00007f645bafb000,0x00007f645bbfc000)]
  0x00007f64900bf000 JavaThread "C1 CompilerThread1" daemon [_thread_blocked, id=4833, stack(0x00007f645bbfc000,0x00007f645bcfd000)]
  0x00007f64900bc000 JavaThread "C2 CompilerThread0" daemon [_thread_blocked, id=4832, stack(0x00007f645bcfd000,0x00007f645bdfe000)]
  0x00007f64900ba800 JavaThread "Signal Dispatcher" daemon [_thread_blocked, id=4831, stack(0x00007f645bdfe000,0x00007f645beff000)]
  0x00007f6490087000 JavaThread "Finalizer" daemon [_thread_blocked, id=4830, stack(0x00007f645beff000,0x00007f645c000000)]
  0x00007f6490082800 JavaThread "Reference Handler" daemon [_thread_blocked, id=4829, stack(0x00007f6468082000,0x00007f6468183000)]
  0x00007f6490010800 JavaThread "main" [_thread_blocked, id=4825, stack(0x00007f6496aa4000,0x00007f6496ba5000)]

Other Threads:
=>0x00007f649007a800 VMThread [stack: 0x00007f6468183000,0x00007f6468284000] [id=4828]
  0x00007f64900c5000 WatcherThread [stack: 0x00007f645b9fa000,0x00007f645bafb000] [id=4835]

VM state:at safepoint (normal execution)

VM Mutex/Monitor currently owned by a thread:  ([mutex/lock_event])
[0x00007f649000da80] ExpandHeap_lock - owner thread: 0x00007f649007a800
[0x00007f649000e100] Threads_lock - owner thread: 0x00007f649007a800
[0x00007f649000e600] Heap_lock - owner thread: 0x00007f6491585800

Heap:
 PSYoungGen      total 2330112K, used 0K [0x00000006eab00000, 0x00000007c0000000, 0x00000007c0000000)
  eden space 1165312K, 0% used [0x00000006eab00000,0x00000006eab00000,0x0000000731d00000)
  from space 1164800K, 0% used [0x0000000778e80000,0x0000000778e80000,0x00000007c0000000)
  to   space 1164800K, 0% used [0x0000000731d00000,0x0000000731d00000,0x0000000778e80000)
 ParOldGen       total 6014464K, used 2305827K [0x0000000540000000, 0x00000006af180000, 0x00000006eab00000)
  object space 6014464K, 38% used [0x0000000540000000,0x00000005ccbc8e78,0x00000006af180000)
 Metaspace       used 59711K, capacity 60296K, committed 60632K, reserved 1101824K
  class space    used 8684K, capacity 8839K, committed 8960K, reserved 1048576K

Card table byte_map: [0x00007f647f83f000,0x00007f6480c40000] byte_map_base: 0x00007f647ce3f000

Marking Bits: (ParMarkBitMap*) 0x00007f6495f78c80
 Begin Bits: [0x00007f646aae9000, 0x00007f6474ae9000)
 End Bits:   [0x00007f6474ae9000, 0x00007f647eae9000)

Polling page: 0x00007f6496bbc000

CodeCache: size=245760Kb used=11688Kb max_used=11791Kb free=234071Kb
 bounds [0x00007f6481000000, 0x00007f6481bb0000, 0x00007f6490000000]
 total_blobs=4879 nmethods=4245 adapters=543
 compilation: enabled

Compilation events (10 events):
Event: 102.637 Thread 0x00007f64900bc000 nmethod 4979 0x00007f64811c4bd0 code [0x00007f64811c4d40, 0x00007f64811c50b8]
Event: 110.652 Thread 0x00007f64900bf000 4985       3       io.netty.util.internal.shaded.org.jctools.util.UnsafeRefArrayAccess::lvElement (9 bytes)
Event: 110.654 Thread 0x00007f64900bc000 4991       4       geotrellis.raster.io.geotiff.compression.Decompressor$::apply (493 bytes)
Event: 110.706 Thread 0x00007f64900bf000 nmethod 4985 0x00007f64818f31d0 code [0x00007f64818f3320, 0x00007f64818f3450]
Event: 110.814 Thread 0x00007f64900bc000 nmethod 4991 0x00007f648158de10 code [0x00007f648158e020, 0x00007f648158e5a0]
Event: 110.832 Thread 0x00007f64900bf000 4986       3       geotrellis.raster.io.geotiff.tags.TiffTagMetadata::length (5 bytes)
Event: 110.832 Thread 0x00007f64900bf000 nmethod 4986 0x00007f64818f8a10 code [0x00007f64818f8b60, 0x00007f64818f8cb0]
Event: 110.912 Thread 0x00007f64900bf000 4980       3       scala.collection.AbstractSet::apply (6 bytes)
Event: 110.912 Thread 0x00007f64900bf000 nmethod 4980 0x00007f64815f0ed0 code [0x00007f64815f1040, 0x00007f64815f12a8]
Event: 111.607 Thread 0x00007f64900bc000 4992       4       geotrellis.raster.io.geotiff.ArraySegmentBytes$::readSections$1 (93 bytes)

GC Heap History (10 events):
Event: 86.726 GC heap after
Heap after GC invocations=28 (full 8):
 PSYoungGen      total 2330112K, used 999254K [0x00000006eab00000, 0x00000007c0000000, 0x00000007c0000000)
  eden space 1165312K, 0% used [0x00000006eab00000,0x00000006eab00000,0x0000000731d00000)
  from space 1164800K, 85% used [0x0000000778e80000,0x00000007b5e55800,0x00000007c0000000)
  to   space 1164800K, 0% used [0x0000000731d00000,0x0000000731d00000,0x0000000778e80000)
 ParOldGen       total 6014464K, used 1877573K [0x0000000540000000, 0x00000006af180000, 0x00000006eab00000)
  object space 6014464K, 31% used [0x0000000540000000,0x00000005b29916b0,0x00000006af180000)
 Metaspace       used 59604K, capacity 60172K, committed 60248K, reserved 1101824K
  class space    used 8678K, capacity 8829K, committed 8832K, reserved 1048576K
}
Event: 90.416 GC heap before
{Heap before GC invocations=29 (full 8):
 PSYoungGen      total 2330112K, used 2163429K [0x00000006eab00000, 0x00000007c0000000, 0x00000007c0000000)
  eden space 1165312K, 99% used [0x00000006eab00000,0x0000000731be3fe8,0x0000000731d00000)
  from space 1164800K, 85% used [0x0000000778e80000,0x00000007b5e55800,0x00000007c0000000)
  to   space 1164800K, 0% used [0x0000000731d00000,0x0000000731d00000,0x0000000778e80000)
 ParOldGen       total 6014464K, used 1877573K [0x0000000540000000, 0x00000006af180000, 0x00000006eab00000)
  object space 6014464K, 31% used [0x0000000540000000,0x00000005b29916b0,0x00000006af180000)
 Metaspace       used 59651K, capacity 60236K, committed 60504K, reserved 1101824K
  class space    used 8678K, capacity 8829K, committed 8832K, reserved 1048576K
Event: 94.504 GC heap after
Heap after GC invocations=29 (full 8):
 PSYoungGen      total 2330112K, used 471163K [0x00000006eab00000, 0x00000007c0000000, 0x00000007c0000000)
  eden space 1165312K, 0% used [0x00000006eab00000,0x00000006eab00000,0x0000000731d00000)
  from space 1164800K, 40% used [0x0000000731d00000,0x000000074e91ef40,0x0000000778e80000)
  to   space 1164800K, 0% used [0x0000000778e80000,0x0000000778e80000,0x00000007c0000000)
 ParOldGen       total 6014464K, used 2405636K [0x0000000540000000, 0x00000006af180000, 0x00000006eab00000)
  object space 6014464K, 39% used [0x0000000540000000,0x00000005d2d413e0,0x00000006af180000)
 Metaspace       used 59651K, capacity 60236K, committed 60504K, reserved 1101824K
  class space    used 8678K, capacity 8829K, committed 8832K, reserved 1048576K
}
Event: 97.807 GC heap before
{Heap before GC invocations=30 (full 8):
 PSYoungGen      total 2330112K, used 1549419K [0x00000006eab00000, 0x00000007c0000000, 0x00000007c0000000)
  eden space 1165312K, 92% used [0x00000006eab00000,0x000000072c7fc078,0x0000000731d00000)
  from space 1164800K, 40% used [0x0000000731d00000,0x000000074e91ef40,0x0000000778e80000)
  to   space 1164800K, 0% used [0x0000000778e80000,0x0000000778e80000,0x00000007c0000000)
 ParOldGen       total 6014464K, used 2405636K [0x0000000540000000, 0x00000006af180000, 0x00000006eab00000)
  object space 6014464K, 39% used [0x0000000540000000,0x00000005d2d413e0,0x00000006af180000)
 Metaspace       used 59707K, capacity 60296K, committed 60632K, reserved 1101824K
  class space    used 8684K, capacity 8839K, committed 8960K, reserved 1048576K
Event: 101.872 GC heap after
Heap after GC invocations=30 (full 8):
 PSYoungGen      total 2330112K, used 942340K [0x00000006eab00000, 0x00000007c0000000, 0x00000007c0000000)
  eden space 1165312K, 0% used [0x00000006eab00000,0x00000006eab00000,0x0000000731d00000)
  from space 1164800K, 80% used [0x0000000778e80000,0x00000007b26c1268,0x00000007c0000000)
  to   space 1164800K, 0% used [0x0000000731d00000,0x0000000731d00000,0x0000000778e80000)
 ParOldGen       total 6014464K, used 2876682K [0x0000000540000000, 0x00000006af180000, 0x00000006eab00000)
  object space 6014464K, 47% used [0x0000000540000000,0x00000005ef942bf0,0x00000006af180000)
 Metaspace       used 59707K, capacity 60296K, committed 60632K, reserved 1101824K
  class space    used 8684K, capacity 8839K, committed 8960K, reserved 1048576K
}
Event: 102.638 GC heap before
{Heap before GC invocations=31 (full 8):
 PSYoungGen      total 2330112K, used 1920555K [0x00000006eab00000, 0x00000007c0000000, 0x00000007c0000000)
  eden space 1165312K, 83% used [0x00000006eab00000,0x0000000726649b38,0x0000000731d00000)
  from space 1164800K, 80% used [0x0000000778e80000,0x00000007b26c1268,0x00000007c0000000)
  to   space 1164800K, 0% used [0x0000000731d00000,0x0000000731d00000,0x0000000778e80000)
 ParOldGen       total 6014464K, used 2876682K [0x0000000540000000, 0x00000006af180000, 0x00000006eab00000)
  object space 6014464K, 47% used [0x0000000540000000,0x00000005ef942bf0,0x00000006af180000)
 Metaspace       used 59709K, capacity 60296K, committed 60632K, reserved 1101824K
  class space    used 8684K, capacity 8839K, committed 8960K, reserved 1048576K
Event: 110.501 GC heap after
Heap after GC invocations=31 (full 8):
 PSYoungGen      total 2330112K, used 942512K [0x00000006eab00000, 0x00000007c0000000, 0x00000007c0000000)
  eden space 1165312K, 0% used [0x00000006eab00000,0x00000006eab00000,0x0000000731d00000)
  from space 1164800K, 80% used [0x0000000731d00000,0x000000076b56c080,0x0000000778e80000)
  to   space 1164800K, 0% used [0x0000000778e80000,0x0000000778e80000,0x00000007c0000000)
 ParOldGen       total 6014464K, used 4290134K [0x0000000540000000, 0x00000006af180000, 0x00000006eab00000)
  object space 6014464K, 71% used [0x0000000540000000,0x0000000645d958b0,0x00000006af180000)
 Metaspace       used 59709K, capacity 60296K, committed 60632K, reserved 1101824K
  class space    used 8684K, capacity 8839K, committed 8960K, reserved 1048576K
}
Event: 111.664 GC heap before
{Heap before GC invocations=32 (full 8):
 PSYoungGen      total 2330112K, used 2107824K [0x00000006eab00000, 0x00000007c0000000, 0x00000007c0000000)
  eden space 1165312K, 100% used [0x00000006eab00000,0x0000000731d00000,0x0000000731d00000)
  from space 1164800K, 80% used [0x0000000731d00000,0x000000076b56c080,0x0000000778e80000)
  to   space 1164800K, 0% used [0x0000000778e80000,0x0000000778e80000,0x00000007c0000000)
 ParOldGen       total 6014464K, used 4290134K [0x0000000540000000, 0x00000006af180000, 0x00000006eab00000)
  object space 6014464K, 71% used [0x0000000540000000,0x0000000645d958b0,0x00000006af180000)
 Metaspace       used 59711K, capacity 60296K, committed 60632K, reserved 1101824K
  class space    used 8684K, capacity 8839K, committed 8960K, reserved 1048576K
Event: 117.137 GC heap after
Heap after GC invocations=32 (full 8):
 PSYoungGen      total 2330112K, used 842528K [0x00000006eab00000, 0x00000007c0000000, 0x00000007c0000000)
  eden space 1165312K, 0% used [0x00000006eab00000,0x00000006eab00000,0x0000000731d00000)
  from space 1164800K, 72% used [0x0000000778e80000,0x00000007ac548110,0x00000007c0000000)
  to   space 1164800K, 0% used [0x0000000731d00000,0x0000000731d00000,0x0000000778e80000)
 ParOldGen       total 6014464K, used 5703700K [0x0000000540000000, 0x00000006af180000, 0x00000006eab00000)
  object space 6014464K, 94% used [0x0000000540000000,0x000000069c205370,0x00000006af180000)
 Metaspace       used 59711K, capacity 60296K, committed 60632K, reserved 1101824K
  class space    used 8684K, capacity 8839K, committed 8960K, reserved 1048576K
}
Event: 117.137 GC heap before
{Heap before GC invocations=33 (full 9):
 PSYoungGen      total 2330112K, used 842528K [0x00000006eab00000, 0x00000007c0000000, 0x00000007c0000000)
  eden space 1165312K, 0% used [0x00000006eab00000,0x00000006eab00000,0x0000000731d00000)
  from space 1164800K, 72% used [0x0000000778e80000,0x00000007ac548110,0x00000007c0000000)
  to   space 1164800K, 0% used [0x0000000731d00000,0x0000000731d00000,0x0000000778e80000)
 ParOldGen       total 6014464K, used 5703700K [0x0000000540000000, 0x00000006af180000, 0x00000006eab00000)
  object space 6014464K, 94% used [0x0000000540000000,0x000000069c205370,0x00000006af180000)
 Metaspace       used 59711K, capacity 60296K, committed 60632K, reserved 1101824K
  class space    used 8684K, capacity 8839K, committed 8960K, reserved 1048576K

Deoptimization events (10 events):
Event: 14.893 Thread 0x00007f6428075800 Uncommon trap: reason=unstable_if action=reinterpret pc=0x00007f648125f8c0 method=geotrellis.raster.io.geotiff.Float32GeoTiffTile.createSegment()Lscala/Function1; @ 4
Event: 16.116 Thread 0x00007f6428073000 Uncommon trap: reason=unstable_if action=reinterpret pc=0x00007f6481942b60 method=java.nio.FloatBuffer.get([FII)Ljava/nio/FloatBuffer; @ 35
Event: 16.632 Thread 0x00007f6428075800 Uncommon trap: reason=null_check action=make_not_entrant pc=0x00007f64814c2c38 method=com.esotericsoftware.kryo.util.Util.getElementClass(Ljava/lang/Class;)Ljava/lang/Class; @ 3
Event: 16.647 Thread 0x00007f6428235000 Uncommon trap: reason=null_check action=make_not_entrant pc=0x00007f648159f120 method=com.esotericsoftware.kryo.Kryo.isFinal(Ljava/lang/Class;)Z @ 25
Event: 24.560 Thread 0x00007f6428073000 Uncommon trap: reason=null_check action=make_not_entrant pc=0x00007f6481238560 method=com.esotericsoftware.kryo.serializers.FieldSerializer.buildValidFields(ZLjava/util/List;Lcom/esotericsoftware/kryo/util/ObjectMap;Lcom/esotericsoftware/kryo/util/IntArra
Event: 38.307 Thread 0x00007f6428075800 Uncommon trap: reason=array_check action=maybe_recompile pc=0x00007f6481433530 method=java.util.Arrays.fill([Ljava/lang/Object;Ljava/lang/Object;)V @ 13
Event: 38.307 Thread 0x00007f6428075800 Uncommon trap: reason=array_check action=maybe_recompile pc=0x00007f6481433530 method=java.util.Arrays.fill([Ljava/lang/Object;Ljava/lang/Object;)V @ 13
Event: 38.307 Thread 0x00007f6428075800 Uncommon trap: reason=array_check action=maybe_recompile pc=0x00007f6481433530 method=java.util.Arrays.fill([Ljava/lang/Object;Ljava/lang/Object;)V @ 13
Event: 38.307 Thread 0x00007f6428075800 Uncommon trap: reason=array_check action=maybe_recompile pc=0x00007f6481433530 method=java.util.Arrays.fill([Ljava/lang/Object;Ljava/lang/Object;)V @ 13
Event: 68.633 Thread 0x00007f649140b800 Uncommon trap: reason=unstable_if action=reinterpret pc=0x00007f648164a3dc method=java.util.concurrent.locks.ReentrantLock$Sync.nonfairTryAcquire(I)Z @ 34

Internal exceptions (10 events):
Event: 4.257 Thread 0x00007f64911a9800 Exception <a 'java/lang/NoSuchMethodError': <clinit>> (0x00000006ee0c7a88) thrown at [/HUDSON3/workspace/8-2-build-linux-amd64/jdk8u121/8372/hotspot/src/share/vm/prims/jni.cpp, line 1613]
Event: 4.258 Thread 0x00007f64911a9800 Exception <a 'java/lang/NoSuchMethodError': <clinit>> (0x00000006ee0d6d98) thrown at [/HUDSON3/workspace/8-2-build-linux-amd64/jdk8u121/8372/hotspot/src/share/vm/prims/jni.cpp, line 1613]
Event: 4.259 Thread 0x00007f64911a9800 Exception <a 'java/lang/NoSuchMethodError': <clinit>> (0x00000006ee0eaa90) thrown at [/HUDSON3/workspace/8-2-build-linux-amd64/jdk8u121/8372/hotspot/src/share/vm/prims/jni.cpp, line 1613]
Event: 4.259 Thread 0x00007f64911a9800 Exception <a 'java/lang/NoSuchMethodError': <clinit>> (0x00000006ee0f5f78) thrown at [/HUDSON3/workspace/8-2-build-linux-amd64/jdk8u121/8372/hotspot/src/share/vm/prims/jni.cpp, line 1613]
Event: 4.259 Thread 0x00007f64911a9800 Exception <a 'java/lang/NoSuchMethodError': <clinit>> (0x00000006ee0fdee8) thrown at [/HUDSON3/workspace/8-2-build-linux-amd64/jdk8u121/8372/hotspot/src/share/vm/prims/jni.cpp, line 1613]
Event: 4.262 Thread 0x00007f64911a9800 Exception <a 'java/lang/NoSuchMethodError': <clinit>> (0x00000006ee141770) thrown at [/HUDSON3/workspace/8-2-build-linux-amd64/jdk8u121/8372/hotspot/src/share/vm/prims/jni.cpp, line 1613]
Event: 4.622 Thread 0x00007f6428073000 Exception <a 'sun/nio/fs/UnixException'> (0x00000006ef505ad8) thrown at [/HUDSON3/workspace/8-2-build-linux-amd64/jdk8u121/8372/hotspot/src/share/vm/prims/jni.cpp, line 709]
Event: 10.345 Thread 0x00007f6428075800 Implicit null exception at 0x00007f648146c058 to 0x00007f648146c0e6
Event: 10.346 Thread 0x00007f6428075800 Implicit null exception at 0x00007f64812a14ef to 0x00007f64812a1559
Event: 10.452 Thread 0x00007f6428075800 Exception <a 'java/lang/NoSuchMethodError': <clinit>> (0x00000006f8b75f40) thrown at [/HUDSON3/workspace/8-2-build-linux-amd64/jdk8u121/8372/hotspot/src/share/vm/prims/jni.cpp, line 1613]

Events (10 events):
Event: 110.639 Thread 0x00007f64900bf000 flushing nmethod 0x00007f64818f8a10
Event: 110.650 Thread 0x00007f64900bf000 flushing nmethod 0x00007f64818fdc50
Event: 110.654 Thread 0x00007f6428073000 DEOPT PACKING pc=0x00007f6481af7068 sp=0x00007f64267ec7d0
Event: 110.655 Thread 0x00007f6428073000 DEOPT UNPACKING pc=0x00007f6481047633 sp=0x00007f64267ec5e8 mode 0
Event: 110.766 Thread 0x00007f64900bf000 flushing nmethod 0x00007f648197e450
Event: 110.818 Thread 0x00007f64900bf000 flushing nmethod 0x00007f64819b8dd0
Event: 110.825 Thread 0x00007f64900bf000 flushing nmethod 0x00007f64819ca2d0
Event: 111.601 Thread 0x00007f6428073000 DEOPT PACKING pc=0x00007f64812fb547 sp=0x00007f64267ec730
Event: 111.601 Thread 0x00007f6428073000 DEOPT UNPACKING pc=0x00007f6481047633 sp=0x00007f64267ec520 mode 0
Event: 111.664 Executing VM operation: ParallelGCFailedAllocation


Dynamic libraries:
00400000-00401000 r-xp 00000000 fd:00 73173218                           /opt/jdk1.8.0_121/bin/java
00600000-00601000 rw-p 00000000 fd:00 73173218                           /opt/jdk1.8.0_121/bin/java
00eb7000-00ed8000 rw-p 00000000 00:00 0                                  [heap]
540000000-6af180000 rw-p 00000000 00:00 0 
6eab00000-7c0000000 rw-p 00000000 00:00 0 
7c0000000-7c08c0000 rw-p 00000000 00:00 0 
7c08c0000-800000000 ---p 00000000 00:00 0 
7f641f052000-7f641f0d2000 rw-p 00000000 00:00 0 
7f641f0d2000-7f641f252000 ---p 00000000 00:00 0 
7f641f252000-7f641f255000 ---p 00000000 00:00 0 
7f641f255000-7f641f353000 rw-p 00000000 00:00 0                          [stack:4889]
7f641f353000-7f641f356000 ---p 00000000 00:00 0 
7f641f356000-7f641f654000 rw-p 00000000 00:00 0                          [stack:4888]
7f641f654000-7f641f854000 rw-p 00000000 00:00 0 
7f641f854000-7f6420000000 r--s 06d03000 fd:00 440763                     /tmp/spark-344a156f-a0b4-4603-9f18-cc220f2f1a25/userFiles-2d6b1c5f-b1b2-4473-83e9-4252f095090b/ingest-assembly-0.1.0.jar
7f6420000000-7f6420021000 rw-p 00000000 00:00 0 
7f6420021000-7f6424000000 ---p 00000000 00:00 0 
7f64240e6000-7f64240e9000 ---p 00000000 00:00 0 
7f64240e9000-7f64241e7000 rw-p 00000000 00:00 0                          [stack:4886]
7f64241e7000-7f64241ea000 ---p 00000000 00:00 0 
7f64241ea000-7f64262ea000 rw-p 00000000 00:00 0                          [stack:4885]
7f64262ea000-7f64262ed000 ---p 00000000 00:00 0 
7f64262ed000-7f64263eb000 rw-p 00000000 00:00 0                          [stack:4882]
7f64263eb000-7f64263ee000 ---p 00000000 00:00 0 
7f64263ee000-7f64264ec000 rw-p 00000000 00:00 0                          [stack:4881]
7f64264ec000-7f64264ef000 ---p 00000000 00:00 0 
7f64264ef000-7f64265ed000 rw-p 00000000 00:00 0                          [stack:4880]
7f64265ed000-7f64265f0000 ---p 00000000 00:00 0 
7f64265f0000-7f64266ee000 rw-p 00000000 00:00 0                          [stack:4879]
7f64266ee000-7f64266f1000 ---p 00000000 00:00 0 
7f64266f1000-7f64269ef000 rw-p 00000000 00:00 0                          [stack:4878]
7f64269ef000-7f6426bef000 rw-p 00000000 00:00 0 
7f6426bef000-7f6426def000 rw-p 00000000 00:00 0 
7f6426def000-7f6426dfc000 r-xp 00000000 fd:00 103387121                  /tmp/liblz4-java740523536554971864.so
7f6426dfc000-7f6426ffb000 ---p 0000d000 fd:00 103387121                  /tmp/liblz4-java740523536554971864.so
7f6426ffb000-7f6426ffc000 rw-p 0000c000 fd:00 103387121                  /tmp/liblz4-java740523536554971864.so
7f6426ffc000-7f64271fc000 rw-p 00000000 00:00 0 
7f64271fc000-7f64273fc000 rw-p 00000000 00:00 0 
7f64273fc000-7f64275fc000 rw-p 00000000 00:00 0 
7f64275fc000-7f64277fc000 rw-p 00000000 00:00 0 
7f64277fc000-7f64279f2000 rw-p 00000000 00:00 0 
7f64279f2000-7f64279fc000 ---p 00000000 00:00 0 
7f64279fc000-7f64279ff000 ---p 00000000 00:00 0 
7f64279ff000-7f6427afd000 rw-p 00000000 00:00 0                          [stack:4877]
7f6427afd000-7f6427b00000 ---p 00000000 00:00 0 
7f6427b00000-7f6427bfe000 rw-p 00000000 00:00 0                          [stack:4876]
7f6427bfe000-7f6427c01000 ---p 00000000 00:00 0 
7f6427c01000-7f6427cff000 rw-p 00000000 00:00 0                          [stack:4875]
7f6427cff000-7f6427d02000 ---p 00000000 00:00 0 
7f6427d02000-7f6428000000 rw-p 00000000 00:00 0                          [stack:4874]
7f6428000000-7f64282fd000 rw-p 00000000 00:00 0 
7f64282fd000-7f642c000000 ---p 00000000 00:00 0 
7f642c000000-7f642c021000 rw-p 00000000 00:00 0 
7f642c021000-7f6430000000 ---p 00000000 00:00 0 
7f6430000000-7f6430021000 rw-p 00000000 00:00 0 
7f6430021000-7f6434000000 ---p 00000000 00:00 0 
7f6434000000-7f6434062000 rw-p 00000000 00:00 0 
7f6434062000-7f6438000000 ---p 00000000 00:00 0 
7f6438000000-7f6438b3d000 rw-p 00000000 00:00 0 
7f6438b3d000-7f643c000000 ---p 00000000 00:00 0 
7f643c000000-7f643c021000 rw-p 00000000 00:00 0 
7f643c021000-7f6440000000 ---p 00000000 00:00 0 
7f6440000000-7f644163a000 rw-p 00000000 00:00 0 
7f644163a000-7f6444000000 ---p 00000000 00:00 0 
7f64440c7000-7f64442c7000 rw-p 00000000 00:00 0 
7f64442c7000-7f64442ca000 ---p 00000000 00:00 0 
7f64442ca000-7f64443c8000 rw-p 00000000 00:00 0                          [stack:4873]
7f64443c8000-7f64443cb000 ---p 00000000 00:00 0 
7f64443cb000-7f64444c9000 rw-p 00000000 00:00 0                          [stack:4872]
7f64444c9000-7f64444cc000 ---p 00000000 00:00 0 
7f64444cc000-7f64447ca000 rw-p 00000000 00:00 0                          [stack:4871]
7f64447ca000-7f64447cd000 ---p 00000000 00:00 0 
7f64447cd000-7f64448cb000 rw-p 00000000 00:00 0                          [stack:4870]
7f64448cb000-7f64448ce000 ---p 00000000 00:00 0 
7f64448ce000-7f64449cc000 rw-p 00000000 00:00 0                          [stack:4869]
7f64449cc000-7f64449cf000 ---p 00000000 00:00 0 
7f64449cf000-7f6444acd000 rw-p 00000000 00:00 0                          [stack:4868]
7f6444acd000-7f6444ad0000 ---p 00000000 00:00 0 
7f6444ad0000-7f6444bce000 rw-p 00000000 00:00 0                          [stack:4867]
7f6444bce000-7f6444bd1000 ---p 00000000 00:00 0 
7f6444bd1000-7f6444ccf000 rw-p 00000000 00:00 0                          [stack:4866]
7f6444ccf000-7f6444cd2000 ---p 00000000 00:00 0 
7f6444cd2000-7f6444fd0000 rw-p 00000000 00:00 0                          [stack:4865]
7f6444fd0000-7f6444fd3000 ---p 00000000 00:00 0 
7f6444fd3000-7f64450d1000 rw-p 00000000 00:00 0                          [stack:4864]
7f64450d1000-7f64450d4000 ---p 00000000 00:00 0 
7f64450d4000-7f64451d2000 rw-p 00000000 00:00 0                          [stack:4863]
7f64451d2000-7f64451d5000 ---p 00000000 00:00 0 
7f64451d5000-7f64452d3000 rw-p 00000000 00:00 0                          [stack:4862]
7f64452d3000-7f64452d6000 ---p 00000000 00:00 0 
7f64452d6000-7f64453d4000 rw-p 00000000 00:00 0                          [stack:4861]
7f64453d4000-7f64453d7000 ---p 00000000 00:00 0 
7f64453d7000-7f64456d5000 rw-p 00000000 00:00 0                          [stack:4860]
7f64456d5000-7f64456d8000 ---p 00000000 00:00 0 
7f64456d8000-7f64457d6000 rw-p 00000000 00:00 0                          [stack:4858]
7f64457d6000-7f64457d9000 ---p 00000000 00:00 0 
7f64457d9000-7f64458d7000 rw-p 00000000 00:00 0                          [stack:4857]
7f64458d7000-7f64458da000 ---p 00000000 00:00 0 
7f64458da000-7f64459d8000 rw-p 00000000 00:00 0                          [stack:4856]
7f64459d8000-7f64459db000 ---p 00000000 00:00 0 
7f64459db000-7f6445ad9000 rw-p 00000000 00:00 0                          [stack:4855]
7f6445ad9000-7f644c000000 r--p 00000000 fd:00 67169622                   /usr/lib/locale/locale-archive
7f644c000000-7f644c021000 rw-p 00000000 00:00 0 
7f644c021000-7f6450000000 ---p 00000000 00:00 0 
7f6450000000-7f6450021000 rw-p 00000000 00:00 0 
7f6450021000-7f6454000000 ---p 00000000 00:00 0 
7f6454000000-7f6454021000 rw-p 00000000 00:00 0 
7f6454021000-7f6458000000 ---p 00000000 00:00 0 
7f64580dd000-7f64580de000 rw-p 00000000 00:00 0 
7f64580de000-7f64580e1000 ---p 00000000 00:00 0 
7f64580e1000-7f64581df000 rw-p 00000000 00:00 0                          [stack:4854]
7f64581df000-7f64581e2000 ---p 00000000 00:00 0 
7f64581e2000-7f64582e0000 rw-p 00000000 00:00 0                          [stack:4853]
7f64582e0000-7f64582e3000 ---p 00000000 00:00 0 
7f64582e3000-7f64583e1000 rw-p 00000000 00:00 0                          [stack:4852]
7f64583e1000-7f64583e4000 ---p 00000000 00:00 0 
7f64583e4000-7f64584e2000 rw-p 00000000 00:00 0                          [stack:4851]
7f64584e2000-7f64584e5000 ---p 00000000 00:00 0 
7f64584e5000-7f64587e3000 rw-p 00000000 00:00 0                          [stack:4859]
7f64587e3000-7f64587e7000 r--s 0009a000 fd:00 6428400                    /opt/jdk1.8.0_121/jre/lib/jsse.jar
7f64587e7000-7f64587ea000 ---p 00000000 00:00 0 
7f64587ea000-7f64588e8000 rw-p 00000000 00:00 0                          [stack:4849]
7f64588e8000-7f64588eb000 ---p 00000000 00:00 0 
7f64588eb000-7f64589e9000 rw-p 00000000 00:00 0                          [stack:4848]
7f64589e9000-7f64589ec000 ---p 00000000 00:00 0 
7f64589ec000-7f6458aea000 rw-p 00000000 00:00 0                          [stack:4847]
7f6458aea000-7f6458aed000 ---p 00000000 00:00 0 
7f6458aed000-7f6458beb000 rw-p 00000000 00:00 0                          [stack:4846]
7f6458beb000-7f6458bee000 ---p 00000000 00:00 0 
7f6458bee000-7f6458cec000 rw-p 00000000 00:00 0                          [stack:4845]
7f6458cec000-7f6458cef000 ---p 00000000 00:00 0 
7f6458cef000-7f6458ded000 rw-p 00000000 00:00 0                          [stack:4844]
7f6458ded000-7f6458df0000 ---p 00000000 00:00 0 
7f6458df0000-7f6458eee000 rw-p 00000000 00:00 0                          [stack:4843]
7f6458eee000-7f6458ef1000 ---p 00000000 00:00 0 
7f6458ef1000-7f6458fef000 rw-p 00000000 00:00 0                          [stack:4842]
7f6458fef000-7f6458ff2000 ---p 00000000 00:00 0 
7f6458ff2000-7f64592f0000 rw-p 00000000 00:00 0                          [stack:4841]
7f64592f0000-7f6459301000 r-xp 00000000 fd:00 105719166                  /opt/jdk1.8.0_121/jre/lib/amd64/libnio.so
7f6459301000-7f6459500000 ---p 00011000 fd:00 105719166                  /opt/jdk1.8.0_121/jre/lib/amd64/libnio.so
7f6459500000-7f6459501000 rw-p 00010000 fd:00 105719166                  /opt/jdk1.8.0_121/jre/lib/amd64/libnio.so
7f6459501000-7f6459514000 r--s 00345000 fd:00 6428543                    /opt/jdk1.8.0_121/jre/lib/resources.jar
7f6459514000-7f6459517000 ---p 00000000 00:00 0 
7f6459517000-7f6459815000 rw-p 00000000 00:00 0                          [stack:4840]
7f6459815000-7f645982b000 r-xp 00000000 fd:00 105719141                  /opt/jdk1.8.0_121/jre/lib/amd64/libnet.so
7f645982b000-7f6459a2b000 ---p 00016000 fd:00 105719141                  /opt/jdk1.8.0_121/jre/lib/amd64/libnet.so
7f6459a2b000-7f6459a2c000 rw-p 00016000 fd:00 105719141                  /opt/jdk1.8.0_121/jre/lib/amd64/libnet.so
7f6459a2c000-7f6459a2d000 r-xp 00000000 fd:00 105719194                  /opt/jdk1.8.0_121/jre/lib/amd64/libjaas_unix.so
7f6459a2d000-7f6459c2c000 ---p 00001000 fd:00 105719194                  /opt/jdk1.8.0_121/jre/lib/amd64/libjaas_unix.so
7f6459c2c000-7f6459c2d000 rw-p 00000000 fd:00 105719194                  /opt/jdk1.8.0_121/jre/lib/amd64/libjaas_unix.so
7f6459c2d000-7f6459c30000 ---p 00000000 00:00 0 
7f6459c30000-7f6459d2e000 rw-p 00000000 00:00 0                          [stack:4839]
7f6459d2e000-7f6459d31000 ---p 00000000 00:00 0 
7f6459d31000-7f6459f67000 rw-p 00000000 00:00 0 
7f6459f67000-7f645a167000 rw-p 00000000 00:00 0 
7f645a167000-7f645a170000 r-xp 00000000 fd:00 105719177                  /opt/jdk1.8.0_121/jre/lib/amd64/libmanagement.so
7f645a170000-7f645a36f000 ---p 00009000 fd:00 105719177                  /opt/jdk1.8.0_121/jre/lib/amd64/libmanagement.so
7f645a36f000-7f645a370000 rw-p 00008000 fd:00 105719177                  /opt/jdk1.8.0_121/jre/lib/amd64/libmanagement.so
7f645a370000-7f645a570000 rw-p 00000000 00:00 0 
7f645a570000-7f645a599000 r--s 001ee000 fd:00 114155652                  /home/kkaralas/Apache/spark-2.1.0-bin-hadoop2.7/jars/guava-16.0.1.jar
7f645a599000-7f645a59a000 r--s 00004000 fd:00 114155656                  /home/kkaralas/Apache/spark-2.1.0-bin-hadoop2.7/jars/osgi-resource-locator-1.0.1.jar
7f645a59a000-7f645ad46000 r--s 06d03000 fd:00 103339863                  /home/kkaralas/Documents/geotrellis-sentinel-demo/ingest/target/scala-2.11/ingest-assembly-0.1.0.jar
7f645ad46000-7f645ad9f000 r--s 00522000 fd:00 114155655                  /home/kkaralas/Apache/spark-2.1.0-bin-hadoop2.7/jars/scala-library-2.11.8.jar
7f645ad9f000-7f645ada1000 r--s 0000f000 fd:00 114155654                  /home/kkaralas/Apache/spark-2.1.0-bin-hadoop2.7/jars/spark-launcher_2.11-2.1.0.jar
7f645ada1000-7f645ada6000 r--s 00032000 fd:00 114155653                  /home/kkaralas/Apache/spark-2.1.0-bin-hadoop2.7/jars/chill_2.11-0.8.0.jar
7f645ada6000-7f645adab000 r--s 00027000 fd:00 114155651                  /home/kkaralas/Apache/spark-2.1.0-bin-hadoop2.7/jars/hk2-api-2.4.0-b34.jar
7f645adab000-7f645adc8000 r--s 001d5000 fd:00 114155650                  /home/kkaralas/Apache/spark-2.1.0-bin-hadoop2.7/jars/hadoop-yarn-api-2.7.3.jar
7f645adc8000-7f645aed4000 r--s 00dba000 fd:00 114155649                  /home/kkaralas/Apache/spark-2.1.0-bin-hadoop2.7/jars/scala-compiler-2.11.8.jar
7f645aed4000-7f645aeda000 r--s 00043000 fd:00 114155648                  /home/kkaralas/Apache/spark-2.1.0-bin-hadoop2.7/jars/commons-configuration-1.6.jar
7f645aeda000-7f645af26000 r--s 00411000 fd:00 114155647                  /home/kkaralas/Apache/spark-2.1.0-bin-hadoop2.7/jars/scala-reflect-2.11.8.jar
7f645af26000-7f645af2d000 r--s 00046000 fd:00 114155646                  /home/kkaralas/Apache/spark-2.1.0-bin-hadoop2.7/jars/libfb303-0.9.2.jar
7f645af2d000-7f645af31000 r--s 00014000 fd:00 114155645                  /home/kkaralas/Apache/spark-2.1.0-bin-hadoop2.7/jars/xz-1.0.jar
7f645af31000-7f645af55000 r--s 001cd000 fd:00 114155644                  /home/kkaralas/Apache/spark-2.1.0-bin-hadoop2.7/jars/commons-math3-3.4.1.jar
7f645af55000-7f645af59000 r--s 0003c000 fd:00 114155643                  /home/kkaralas/Apache/spark-2.1.0-bin-hadoop2.7/jars/jackson-core-2.6.5.jar
7f645af59000-7f645af64000 r--s 0005d000 fd:00 114155642                  /home/kkaralas/Apache/spark-2.1.0-bin-hadoop2.7/jars/scala-parser-combinators_2.11-1.0.4.jar
7f645af64000-7f645af6b000 r--s 00049000 fd:00 114155641                  /home/kkaralas/Apache/spark-2.1.0-bin-hadoop2.7/jars/univocity-parsers-2.2.1.jar
7f645af6b000-7f645af6f000 r--s 00036000 fd:00 114155640                  /home/kkaralas/Apache/spark-2.1.0-bin-hadoop2.7/jars/ST4-4.0.4.jar
7f645af6f000-7f645af73000 r--s 00025000 fd:00 114155639                  /home/kkaralas/Apache/spark-2.1.0-bin-hadoop2.7/jars/jersey-client-2.22.2.jar
7f645af73000-7f645af79000 r--s 00063000 fd:00 114155638                  /home/kkaralas/Apache/spark-2.1.0-bin-hadoop2.7/jars/jodd-core-3.5.2.jar
7f645af79000-7f645af7b000 r--s 00009000 fd:00 114155637                  /home/kkaralas/Apache/spark-2.1.0-bin-hadoop2.7/jars/objenesis-2.1.jar
7f645af7b000-7f645af85000 r--s 0007b000 fd:00 114155636                  /home/kkaralas/Apache/spark-2.1.0-bin-hadoop2.7/jars/hadoop-mapreduce-client-app-2.7.3.jar
7f645af85000-7f645afb4000 r--s 002e5000 fd:00 114155635                  /home/kkaralas/Apache/spark-2.1.0-bin-hadoop2.7/jars/derby-10.12.1.1.jar
7f645afb4000-7f645afb5000 r--s 00009000 fd:00 114155634                  /home/kkaralas/Apache/spark-2.1.0-bin-hadoop2.7/jars/slf4j-api-1.7.16.jar
7f645afb5000-7f645afb6000 r--s 00008000 fd:00 114155633                  /home/kkaralas/Apache/spark-2.1.0-bin-hadoop2.7/jars/commons-compiler-3.0.0.jar
7f645afb6000-7f645afb8000 r--s 00003000 fd:00 114155632                  /home/kkaralas/Apache/spark-2.1.0-bin-hadoop2.7/jars/base64-2.3.8.jar
7f645afb8000-7f645afbb000 r--s 0000d000 fd:00 114155631                  /home/kkaralas/Apache/spark-2.1.0-bin-hadoop2.7/jars/spark-network-shuffle_2.11-2.1.0.jar
7f645afbb000-7f645afbd000 r--s 00100000 fd:00 114155630                  /home/kkaralas/Apache/spark-2.1.0-bin-hadoop2.7/jars/snappy-java-1.1.2.6.jar
7f645afbd000-7f645afc2000 r--s 00028000 fd:00 114155629                  /home/kkaralas/Apache/spark-2.1.0-bin-hadoop2.7/jars/avro-mapred-1.7.7-hadoop2.jar
7f645afc2000-7f645afc4000 r--s 0000b000 fd:00 114155628                  /home/kkaralas/Apache/spark-2.1.0-bin-hadoop2.7/jars/chill-java-0.8.0.jar
7f645afc4000-7f645afc6000 r--s 00009000 fd:00 114155627                  /home/kkaralas/Apache/spark-2.1.0-bin-hadoop2.7/jars/commons-cli-1.2.jar
7f645afc6000-7f645afc7000 r--s 00001000 fd:00 114155626                  /home/kkaralas/Apache/spark-2.1.0-bin-hadoop2.7/jars/javax.inject-2.4.0-b34.jar
7f645afc7000-7f645afd0000 r--s 00097000 fd:00 114155625                  /home/kkaralas/Apache/spark-2.1.0-bin-hadoop2.7/jars/pmml-model-1.2.15.jar
7f645afd0000-7f645afd2000 r--s 00000000 fd:00 114155624                  /home/kkaralas/Apache/spark-2.1.0-bin-hadoop2.7/jars/jul-to-slf4j-1.7.16.jar
7f645afd2000-7f645b000000 r--s 00212000 fd:00 114155623                  /home/kkaralas/Apache/spark-2.1.0-bin-hadoop2.7/jars/spark-network-common_2.11-2.1.0.jar
7f645b000000-7f645b012000 r--s 00112000 fd:00 114155622                  /home/kkaralas/Apache/spark-2.1.0-bin-hadoop2.7/jars/arpack_combined_all-0.1.jar
7f645b012000-7f645b015000 r--s 0001a000 fd:00 114155621                  /home/kkaralas/Apache/spark-2.1.0-bin-hadoop2.7/jars/py4j-0.10.4.jar
7f645b015000-7f645b02b000 r--s 00124000 fd:00 114155620                  /home/kkaralas/Apache/spark-2.1.0-bin-hadoop2.7/jars/ivy-2.4.0.jar
7f645b02b000-7f645b038000 r--s 00071000 fd:00 114155619                  /home/kkaralas/Apache/spark-2.1.0-bin-hadoop2.7/jars/jackson-module-scala_2.11-2.6.5.jar
7f645b038000-7f645b044000 r--s 000b6000 fd:00 114155618                  /home/kkaralas/Apache/spark-2.1.0-bin-hadoop2.7/jars/zookeeper-3.4.6.jar
7f645b044000-7f645b0cd000 r--s 00682000 fd:00 114155617                  /home/kkaralas/Apache/spark-2.1.0-bin-hadoop2.7/jars/spark-catalyst_2.11-2.1.0.jar
7f645b0cd000-7f645b0ce000 r--s 00009000 fd:00 114155616                  /home/kkaralas/Apache/spark-2.1.0-bin-hadoop2.7/jars/hive-cli-1.2.1.spark2.jar
7f645b0ce000-7f645b0e0000 r--s 000b3000 fd:00 114154943                  /home/kkaralas/Apache/spark-2.1.0-bin-hadoop2.7/jars/scalap-2.11.8.jar
7f645b0e0000-7f645b0e6000 r--s 0002c000 fd:00 114154942                  /home/kkaralas/Apache/spark-2.1.0-bin-hadoop2.7/jars/jdo-api-3.0.1.jar
7f645b0e6000-7f645b0e7000 r--s 00003000 fd:00 114154941                  /home/kkaralas/Apache/spark-2.1.0-bin-hadoop2.7/jars/metrics-json-3.1.2.jar
7f645b0e7000-7f645b0e9000 r--s 00003000 fd:00 114154940                  /home/kkaralas/Apache/spark-2.1.0-bin-hadoop2.7/jars/JavaEWAH-0.3.2.jar
7f645b0e9000-7f645b0eb000 r--s 0001f000 fd:00 114154939                  /home/kkaralas/Apache/spark-2.1.0-bin-hadoop2.7/jars/commons-crypto-1.0.0.jar
7f645b0eb000-7f645b103000 r--s 00115000 fd:00 114154938                  /home/kkaralas/Apache/spark-2.1.0-bin-hadoop2.7/jars/netty-3.8.0.Final.jar
7f645b103000-7f645b105000 r--s 0000e000 fd:00 114154937                  /home/kkaralas/Apache/spark-2.1.0-bin-hadoop2.7/jars/guice-servlet-3.0.jar
7f645b105000-7f645b108000 r--s 00022000 fd:00 114154936                  /home/kkaralas/Apache/spark-2.1.0-bin-hadoop2.7/jars/stringtemplate-3.2.1.jar
7f645b108000-7f645b110000 r--s 00078000 fd:00 114154935                  /home/kkaralas/Apache/spark-2.1.0-bin-hadoop2.7/jars/mail-1.4.7.jar
7f645b110000-7f645b122000 r--s 00097000 fd:00 114154934                  /home/kkaralas/Apache/spark-2.1.0-bin-hadoop2.7/jars/apacheds-kerberos-codec-2.0.0-M15.jar
7f645b122000-7f645b124000 r--s 00012000 fd:00 114154933                  /home/kkaralas/Apache/spark-2.1.0-bin-hadoop2.7/jars/api-util-1.0.0-M20.jar
7f645b124000-7f645b15b000 r--s 00325000 fd:00 114154932                  /home/kkaralas/Apache/spark-2.1.0-bin-hadoop2.7/jars/calcite-core-1.2.0-incubating.jar
7f645b15b000-7f645b204000 r--s 00a4f000 fd:00 114154931                  /home/kkaralas/Apache/spark-2.1.0-bin-hadoop2.7/jars/hive-exec-1.2.1.spark2.jar
7f645b204000-7f645b207000 r--s 00017000 fd:00 114154930                  /home/kkaralas/Apache/spark-2.1.0-bin-hadoop2.7/jars/jaxb-api-2.2.2.jar
7f645b207000-7f645b214000 r--s 00078000 fd:00 114154929                  /home/kkaralas/Apache/spark-2.1.0-bin-hadoop2.7/jars/spark-mesos_2.11-2.1.0.jar
7f645b214000-7f645b288000 r--s 00572000 fd:00 114154928                  /home/kkaralas/Apache/spark-2.1.0-bin-hadoop2.7/jars/spark-mllib_2.11-2.1.0.jar
7f645b288000-7f645b2b4000 r--s 001c9000 fd:00 114154927                  /home/kkaralas/Apache/spark-2.1.0-bin-hadoop2.7/jars/shapeless_2.11-2.0.0.jar
7f645b2b4000-7f645b2b8000 r--s 0002f000 fd:00 114154926                  /home/kkaralas/Apache/spark-2.1.0-bin-hadoop2.7/jars/commons-beanutils-core-1.8.0.jar
7f645b2b8000-7f645b2ba000 r--s 0000e000 fd:00 114154925                  /home/kkaralas/Apache/spark-2.1.0-bin-hadoop2.7/jars/commons-logging-1.1.3.jar
7f645b2ba000-7f645b2c1000 r--s 0005d000 fd:00 114154924                  /home/kkaralas/Apache/spark-2.1.0-bin-hadoop2.7/jars/mx4j-3.0.2.jar
7f645b2c1000-7f645b2c4000 r--s 00026000 fd:00 114154923                  /home/kkaralas/Apache/spark-2.1.0-bin-hadoop2.7/jars/hadoop-yarn-client-2.7.3.jar
7f645b2c4000-7f645b2f1000 r--s 001d4000 fd:00 114154922                  /home/kkaralas/Apache/spark-2.1.0-bin-hadoop2.7/jars/spark-streaming_2.11-2.1.0.jar
7f645b2f1000-7f645b2f6000 r--s 00068000 fd:00 114154921                  /home/kkaralas/Apache/spark-2.1.0-bin-hadoop2.7/jars/antlr-2.7.7.jar
7f645b2f6000-7f645b2f8000 r--s 00027000 fd:00 114154920                  /home/kkaralas/Apache/spark-2.1.0-bin-hadoop2.7/jars/core-1.1.2.jar
7f645b2f8000-7f645b2fa000 r--s 00038000 fd:00 114154919                  /home/kkaralas/Apache/spark-2.1.0-bin-hadoop2.7/jars/lz4-1.3.0.jar
7f645b2fa000-7f645b2fb000 r--s 00006000 fd:00 114154918                  /home/kkaralas/Apache/spark-2.1.0-bin-hadoop2.7/jars/jackson-xc-1.9.13.jar
7f645b2fb000-7f645b2fd000 r--s 00004000 fd:00 114154917                  /home/kkaralas/Apache/spark-2.1.0-bin-hadoop2.7/jars/metrics-graphite-3.1.2.jar
7f645b2fd000-7f645b2ff000 r--s 0000e000 fd:00 114154916                  /home/kkaralas/Apache/spark-2.1.0-bin-hadoop2.7/jars/hadoop-mapreduce-client-jobclient-2.7.3.jar
7f645b2ff000-7f645b303000 r--s 00019000 fd:00 114154915                  /home/kkaralas/Apache/spark-2.1.0-bin-hadoop2.7/jars/javax.ws.rs-api-2.0.1.jar
7f645b303000-7f645b343000 r--s 00277000 fd:00 114154914                  /home/kkaralas/Apache/spark-2.1.0-bin-hadoop2.7/jars/bcprov-jdk15on-1.51.jar
7f645b343000-7f645b34d000 r--s 000a5000 fd:00 114154913                  /home/kkaralas/Apache/spark-2.1.0-bin-hadoop2.7/jars/javassist-3.18.1-GA.jar
7f645b34d000-7f645b355000 r--s 0006e000 fd:00 114154912                  /home/kkaralas/Apache/spark-2.1.0-bin-hadoop2.7/jars/commons-lang3-3.5.jar
7f645b355000-7f645b356000 r--s 00002000 fd:00 114154911                  /home/kkaralas/Apache/spark-2.1.0-bin-hadoop2.7/jars/jpam-1.1.jar
7f645b356000-7f645b35c000 r--s 00044000 fd:00 114154910                  /home/kkaralas/Apache/spark-2.1.0-bin-hadoop2.7/jars/antlr4-runtime-4.5.3.jar
7f645b35c000-7f645b366000 r--s 000aa000 fd:00 114154909                  /home/kkaralas/Apache/spark-2.1.0-bin-hadoop2.7/jars/janino-3.0.0.jar
7f645b366000-7f645b369000 r--s 00014000 fd:00 114154908                  /home/kkaralas/Apache/spark-2.1.0-bin-hadoop2.7/jars/super-csv-2.2.0.jar
7f645b369000-7f645b36b000 r--s 00000000 fd:00 114154907                  /home/kkaralas/Apache/spark-2.1.0-bin-hadoop2.7/jars/aopalliance-1.0.jar
7f645b36b000-7f645b36d000 r--s 00009000 fd:00 114154906                  /home/kkaralas/Apache/spark-2.1.0-bin-hadoop2.7/jars/jackson-module-paranamer-2.6.5.jar
7f645b36d000-7f645b36f000 r--s 0000e000 fd:00 114154905                  /home/kkaralas/Apache/spark-2.1.0-bin-hadoop2.7/jars/spark-repl_2.11-2.1.0.jar
7f645b36f000-7f645b370000 r--s 00006000 fd:00 114154904                  /home/kkaralas/Apache/spark-2.1.0-bin-hadoop2.7/jars/hadoop-client-2.7.3.jar
7f645b370000-7f645b372000 r--s 00006000 fd:00 114154903                  /home/kkaralas/Apache/spark-2.1.0-bin-hadoop2.7/jars/spark-sketch_2.11-2.1.0.jar
7f645b372000-7f645b380000 r--s 000b1000 fd:00 114154902                  /home/kkaralas/Apache/spark-2.1.0-bin-hadoop2.7/jars/jackson-mapper-asl-1.9.13.jar
7f645b380000-7f645b397000 r--s 00183000 fd:00 114154901                  /home/kkaralas/Apache/spark-2.1.0-bin-hadoop2.7/jars/hadoop-yarn-common-2.7.3.jar
7f645b397000-7f645b399000 r--s 00010000 fd:00 114154900                  /home/kkaralas/Apache/spark-2.1.0-bin-hadoop2.7/jars/jersey-media-jaxb-2.22.2.jar
7f645b399000-7f645b39c000 r--s 00009000 fd:00 114154899                  /home/kkaralas/Apache/spark-2.1.0-bin-hadoop2.7/jars/jackson-annotations-2.6.5.jar
7f645b39c000-7f645b3be000 r--s 00335000 fd:00 114154898                  /home/kkaralas/Apache/spark-2.1.0-bin-hadoop2.7/jars/mesos-1.0.0-shaded-protobuf.jar
7f645b3be000-7f645b3c0000 r--s 00020000 fd:00 114154897                  /home/kkaralas/Apache/spark-2.1.0-bin-hadoop2.7/jars/hive-beeline-1.2.1.spark2.jar
7f645b3c0000-7f645b3c4000 r--s 0002c000 fd:00 114154896                  /home/kkaralas/Apache/spark-2.1.0-bin-hadoop2.7/jars/avro-ipc-1.7.7.jar
7f645b3c4000-7f645b3c8000 r--s 0002a000 fd:00 114154895                  /home/kkaralas/Apache/spark-2.1.0-bin-hadoop2.7/jars/commons-io-2.4.jar
7f645b3c8000-7f645b3ce000 r--s 00028000 fd:00 114154894                  /home/kkaralas/Apache/spark-2.1.0-bin-hadoop2.7/jars/curator-framework-2.6.0.jar
7f645b3ce000-7f645b3d3000 r--s 00031000 fd:00 114154893                  /home/kkaralas/Apache/spark-2.1.0-bin-hadoop2.7/jars/parquet-hadoop-1.8.1.jar
7f645b3d3000-7f645b3d5000 r--s 00005000 fd:00 114154892                  /home/kkaralas/Apache/spark-2.1.0-bin-hadoop2.7/jars/javax.annotation-api-1.2.jar
7f645b3d5000-7f645b3d7000 r--s 00005000 fd:00 114154891                  /home/kkaralas/Apache/spark-2.1.0-bin-hadoop2.7/jars/stax-api-1.0.1.jar
7f645b3d7000-7f645b3dc000 r--s 00041000 fd:00 114154890                  /home/kkaralas/Apache/spark-2.1.0-bin-hadoop2.7/jars/commons-lang-2.6.jar
7f645b3dc000-7f645b3f5000 r--s 00164000 fd:00 114154889                  /home/kkaralas/Apache/spark-2.1.0-bin-hadoop2.7/jars/hadoop-mapreduce-client-core-2.7.3.jar
7f645b3f5000-7f645b3fd000 r--s 0007b000 fd:00 114154888                  /home/kkaralas/Apache/spark-2.1.0-bin-hadoop2.7/jars/protobuf-java-2.5.0.jar
7f645b3fd000-7f645b404000 r--s 00049000 fd:00 114154887                  /home/kkaralas/Apache/spark-2.1.0-bin-hadoop2.7/jars/httpcore-4.4.4.jar
7f645b404000-7f645b409000 r--s 0002a000 fd:00 114154886                  /home/kkaralas/Apache/spark-2.1.0-bin-hadoop2.7/jars/gson-2.2.4.jar
7f645b409000-7f645b418000 r--s 0009f000 fd:00 114154885                  /home/kkaralas/Apache/spark-2.1.0-bin-hadoop2.7/jars/guice-3.0.jar
7f645b418000-7f645b41a000 r--s 00003000 fd:00 114154884                  /home/kkaralas/Apache/spark-2.1.0-bin-hadoop2.7/jars/jcl-over-slf4j-1.7.16.jar
7f645b41a000-7f645b422000 r--s 00066000 fd:00 114154883                  /home/kkaralas/Apache/spark-2.1.0-bin-hadoop2.7/jars/apache-log4j-extras-1.2.17.jar
7f645b422000-7f645b424000 r--s 00012000 fd:00 114154881                  /home/kkaralas/Apache/spark-2.1.0-bin-hadoop2.7/jars/compress-lzf-1.0.3.jar
7f645b424000-7f645b42f000 r--s 000b0000 fd:00 114154882                  /home/kkaralas/Apache/spark-2.1.0-bin-hadoop2.7/jars/jtransforms-2.4.0.jar
7f645b42f000-7f645b43a000 r--s 00062000 fd:00 114154880                  /home/kkaralas/Apache/spark-2.1.0-bin-hadoop2.7/jars/calcite-linq4j-1.2.0-incubating.jar
7f645b43a000-7f645b444000 r--s 00095000 fd:00 114152223                  /home/kkaralas/Apache/spark-2.1.0-bin-hadoop2.7/jars/scala-xml_2.11-1.0.2.jar
7f645b444000-7f645b44b000 r--s 00039000 fd:00 114152222                  /home/kkaralas/Apache/spark-2.1.0-bin-hadoop2.7/jars/calcite-avatica-1.2.0-incubating.jar
7f645b44b000-7f645b472000 r--s 0020f000 fd:00 114152221                  /home/kkaralas/Apache/spark-2.1.0-bin-hadoop2.7/jars/netty-all-4.0.42.Final.jar
7f645b472000-7f645b474000 r--s 0000d000 fd:00 114152220                  /home/kkaralas/Apache/spark-2.1.0-bin-hadoop2.7/jars/hadoop-yarn-server-web-proxy-2.7.3.jar
7f645b474000-7f645b47d000 r--s 0006f000 fd:00 114152219                  /home/kkaralas/Apache/spark-2.1.0-bin-hadoop2.7/jars/log4j-1.2.17.jar
7f645b47d000-7f645b480000 r--s 00015000 fd:00 114152218                  /home/kkaralas/Apache/spark-2.1.0-bin-hadoop2.7/jars/pyrolite-4.13.jar
7f645b480000-7f645b487000 r--s 0007d000 fd:00 114152217                  /home/kkaralas/Apache/spark-2.1.0-bin-hadoop2.7/jars/jetty-6.1.26.jar
7f645b487000-7f645b48a000 r--s 00006000 fd:00 114152216                  /home/kkaralas/Apache/spark-2.1.0-bin-hadoop2.7/jars/jsr305-1.3.9.jar
7f645b48a000-7f645b48e000 r--s 00020000 fd:00 114152215                  /home/kkaralas/Apache/spark-2.1.0-bin-hadoop2.7/jars/commons-digester-1.8.jar
7f645b48e000-7f645b4f1000 r--s 004de000 fd:00 114152214                  /home/kkaralas/Apache/spark-2.1.0-bin-hadoop2.7/jars/hive-metastore-1.2.1.spark2.jar
7f645b4f1000-7f645b4fb000 r--s 00086000 fd:00 114152213                  /home/kkaralas/Apache/spark-2.1.0-bin-hadoop2.7/jars/json4s-core_2.11-3.2.11.jar
7f645b4fb000-7f645b4fd000 r--s 00014000 fd:00 114152212                  /home/kkaralas/Apache/spark-2.1.0-bin-hadoop2.7/jars/spire-macros_2.11-0.7.4.jar
7f645b4fd000-7f645b4fe000 r--s 00004000 fd:00 114152211                  /home/kkaralas/Apache/spark-2.1.0-bin-hadoop2.7/jars/opencsv-2.3.jar
7f645b4fe000-7f645b57e000 r--s 005dd000 fd:00 114152210                  /home/kkaralas/Apache/spark-2.1.0-bin-hadoop2.7/jars/spark-sql_2.11-2.1.0.jar
7f645b57e000-7f645b580000 r--s 0000f000 fd:00 114152209                  /home/kkaralas/Apache/spark-2.1.0-bin-hadoop2.7/jars/curator-client-2.6.0.jar
7f645b580000-7f645b591000 r--s 0010d000 fd:00 114152208                  /home/kkaralas/Apache/spark-2.1.0-bin-hadoop2.7/jars/jackson-databind-2.6.5.jar
7f645b591000-7f645b668000 r--s 00a7f000 fd:00 114152207                  /home/kkaralas/Apache/spark-2.1.0-bin-hadoop2.7/jars/spark-core_2.11-2.1.0.jar
7f645b668000-7f645b669000 r--s 00004000 fd:00 114152206                  /home/kkaralas/Apache/spark-2.1.0-bin-hadoop2.7/jars/eigenbase-properties-1.1.5.jar
7f645b669000-7f645b66b000 r--s 00003000 fd:00 114152205                  /home/kkaralas/Apache/spark-2.1.0-bin-hadoop2.7/jars/spark-tags_2.11-2.1.0.jar
7f645b66b000-7f645b66c000 r--s 00004000 fd:00 114152204                  /home/kkaralas/Apache/spark-2.1.0-bin-hadoop2.7/jars/jackson-jaxrs-1.9.13.jar
7f645b66c000-7f645b672000 r--s 00040000 fd:00 114152203                  /home/kkaralas/Apache/spark-2.1.0-bin-hadoop2.7/jars/parquet-encoding-1.8.1.jar
7f645b672000-7f645b673000 r--s 0000b000 fd:00 114152202                  /home/kkaralas/Apache/spark-2.1.0-bin-hadoop2.7/jars/snappy-0.2.jar
7f645b673000-7f645b680000 r--s 000a7000 fd:00 114152201                  /home/kkaralas/Apache/spark-2.1.0-bin-hadoop2.7/jars/httpclient-4.5.2.jar
7f645b680000-7f645b699000 r--s 00150000 fd:00 114152200                  /home/kkaralas/Apache/spark-2.1.0-bin-hadoop2.7/jars/htrace-core-3.1.0-incubating.jar
7f645b699000-7f645b6af000 r--s 000d3000 fd:00 114152199                  /home/kkaralas/Apache/spark-2.1.0-bin-hadoop2.7/jars/jersey-server-2.22.2.jar
7f645b6af000-7f645b6b6000 r--s 00036000 fd:00 114152198                  /home/kkaralas/Apache/spark-2.1.0-bin-hadoop2.7/jars/curator-recipes-2.6.0.jar
7f645b6b6000-7f645b6bb000 r--s 00033000 fd:00 114152197                  /home/kkaralas/Apache/spark-2.1.0-bin-hadoop2.7/jars/libthrift-0.9.2.jar
7f645b6bb000-7f645b6cc000 r--s 00089000 fd:00 114152196                  /home/kkaralas/Apache/spark-2.1.0-bin-hadoop2.7/jars/joda-time-2.9.3.jar
7f645b6cc000-7f645b6ce000 r--s 00010000 fd:00 114152195                  /home/kkaralas/Apache/spark-2.1.0-bin-hadoop2.7/jars/hadoop-mapreduce-client-shuffle-2.7.3.jar
7f645b6ce000-7f645b6cf000 r--s 00001000 fd:00 114152194                  /home/kkaralas/Apache/spark-2.1.0-bin-hadoop2.7/jars/pmml-schema-1.2.15.jar
7f645b6cf000-7f645b6f0000 r--s 0019b000 fd:00 114152193                  /home/kkaralas/Apache/spark-2.1.0-bin-hadoop2.7/jars/spark-hive-thriftserver_2.11-2.1.0.jar
7f645b6f0000-7f645b6f3000 r--s 00015000 fd:00 114152192                  /home/kkaralas/Apache/spark-2.1.0-bin-hadoop2.7/jars/commons-pool-1.5.4.jar
7f645b6f3000-7f645b6f4000 r--s 00002000 fd:00 114152191                  /home/kkaralas/Apache/spark-2.1.0-bin-hadoop2.7/jars/slf4j-log4j12-1.7.16.jar
7f645b6f4000-7f645b6f7000 r--s 00025000 fd:00 114152190                  /home/kkaralas/Apache/spark-2.1.0-bin-hadoop2.7/jars/commons-dbcp-1.4.jar
7f645b6f7000-7f645b6fb000 r--s 0000c000 fd:00 114152189                  /home/kkaralas/Apache/spark-2.1.0-bin-hadoop2.7/jars/validation-api-1.1.0.Final.jar
7f645b6fb000-7f645b6fc000 r--s 0000a000 fd:00 114152188                  /home/kkaralas/Apache/spark-2.1.0-bin-hadoop2.7/jars/apacheds-i18n-2.0.0-M15.jar
7f645b6fc000-7f645b6fe000 r--s 00003000 fd:00 114152187                  /home/kkaralas/Apache/spark-2.1.0-bin-hadoop2.7/jars/api-asn1-api-1.0.0-M20.jar
7f645b6fe000-7f645b70c000 r--s 0009d000 fd:00 114152186                  /home/kkaralas/Apache/spark-2.1.0-bin-hadoop2.7/jars/jersey-common-2.22.2.jar
7f645b70c000-7f645b722000 r--s 001a4000 fd:00 114152185                  /home/kkaralas/Apache/spark-2.1.0-bin-hadoop2.7/jars/datanucleus-rdbms-3.2.9.jar
7f645b722000-7f645b72a000 r--s 00059000 fd:00 114152184                  /home/kkaralas/Apache/spark-2.1.0-bin-hadoop2.7/jars/javolution-5.5.1.jar
7f645b72a000-7f645b72b000 r--s 00001000 fd:00 114152183                  /home/kkaralas/Apache/spark-2.1.0-bin-hadoop2.7/jars/minlog-1.3.0.jar
7f645b72b000-7f645b732000 r--s 00058000 fd:00 114152182                  /home/kkaralas/Apache/spark-2.1.0-bin-hadoop2.7/jars/hadoop-yarn-server-common-2.7.3.jar
7f645b732000-7f645b734000 r--s 00017000 fd:00 114152181                  /home/kkaralas/Apache/spark-2.1.0-bin-hadoop2.7/jars/hive-jdbc-1.2.1.spark2.jar
7f645b734000-7f645b736000 r--s 00002000 fd:00 114152180                  /home/kkaralas/Apache/spark-2.1.0-bin-hadoop2.7/jars/aopalliance-repackaged-2.4.0-b34.jar
7f645b736000-7f645b73c000 r--s 00045000 fd:00 114152179                  /home/kkaralas/Apache/spark-2.1.0-bin-hadoop2.7/jars/commons-httpclient-3.1.jar
7f645b73c000-7f645b73f000 r--s 000fd000 fd:00 114152178                  /home/kkaralas/Apache/spark-2.1.0-bin-hadoop2.7/jars/leveldbjni-all-1.8.jar
7f645b73f000-7f645b746000 r--s 0003f000 fd:00 114152177                  /home/kkaralas/Apache/spark-2.1.0-bin-hadoop2.7/jars/commons-codec-1.10.jar
7f645b746000-7f645b749000 r--s 00012000 fd:00 114152176                  /home/kkaralas/Apache/spark-2.1.0-bin-hadoop2.7/jars/json4s-ast_2.11-3.2.11.jar
7f645b749000-7f645b757000 r--s 0009d000 fd:00 114152175                  /home/kkaralas/Apache/spark-2.1.0-bin-hadoop2.7/jars/spark-graphx_2.11-2.1.0.jar
7f645b757000-7f645b758000 r--s 00009000 fd:00 114152174                  /home/kkaralas/Apache/spark-2.1.0-bin-hadoop2.7/jars/json4s-jackson_2.11-3.2.11.jar
7f645b758000-7f645b759000 r--s 00000000 fd:00 114152173                  /home/kkaralas/Apache/spark-2.1.0-bin-hadoop2.7/jars/javax.inject-1.jar
7f645b759000-7f645b766000 r--s 00083000 fd:00 114152172                  /home/kkaralas/Apache/spark-2.1.0-bin-hadoop2.7/jars/commons-collections-3.2.2.jar
7f645b766000-7f645b76a000 r--s 00035000 fd:00 114152171                  /home/kkaralas/Apache/spark-2.1.0-bin-hadoop2.7/jars/jackson-core-asl-1.9.13.jar
7f645b76a000-7f645b77b000 r--s 0009e000 fd:00 114152170                  /home/kkaralas/Apache/spark-2.1.0-bin-hadoop2.7/jars/spark-yarn_2.11-2.1.0.jar
7f645b77b000-7f645b77e000 r--s 00021000 fd:00 114152169                  /home/kkaralas/Apache/spark-2.1.0-bin-hadoop2.7/jars/xbean-asm5-shaded-4.4.jar
7f645b77e000-7f645b7d3000 r--s 0069c000 fd:00 114152168                  /home/kkaralas/Apache/spark-2.1.0-bin-hadoop2.7/jars/spire_2.11-0.7.4.jar
7f645b7d3000-7f645b7eb000 r--s 0010a000 fd:00 114152167                  /home/kkaralas/Apache/spark-2.1.0-bin-hadoop2.7/jars/spark-hive_2.11-2.1.0.jar
7f645b7eb000-7f645b7ec000 r--s 00003000 fd:00 114152166                  /home/kkaralas/Apache/spark-2.1.0-bin-hadoop2.7/jars/xmlenc-0.52.jar
7f645b7ec000-7f645b7ef000 r--s 00016000 fd:00 114152165                  /home/kkaralas/Apache/spark-2.1.0-bin-hadoop2.7/jars/jsp-api-2.1.jar
7f645b7ef000-7f645b823000 r--s 00277000 fd:00 114152164                  /home/kkaralas/Apache/spark-2.1.0-bin-hadoop2.7/jars/parquet-hadoop-bundle-1.6.0.jar
7f645b823000-7f645b827000 r--s 00029000 fd:00 114152163                  /home/kkaralas/Apache/spark-2.1.0-bin-hadoop2.7/jars/hk2-locator-2.4.0-b34.jar
7f645b827000-7f645b82e000 r--s 00058000 fd:00 114152162                  /home/kkaralas/Apache/spark-2.1.0-bin-hadoop2.7/jars/parquet-format-2.3.0-incubating.jar
7f645b82e000-7f645b830000 r--s 00006000 fd:00 114152161                  /home/kkaralas/Apache/spark-2.1.0-bin-hadoop2.7/jars/paranamer-2.3.jar
7f645b830000-7f645b832000 r--s 00004000 fd:00 114152160                  /home/kkaralas/Apache/spark-2.1.0-bin-hadoop2.7/jars/stax-api-1.0-2.jar
7f645b832000-7f645b848000 r--s 000d1000 fd:00 108941785                  /home/kkaralas/Apache/spark-2.1.0-bin-hadoop2.7/jars/parquet-column-1.8.1.jar
7f645b848000-7f645b84c000 r--s 00018000 fd:00 108941776                  /home/kkaralas/Apache/spark-2.1.0-bin-hadoop2.7/jars/metrics-core-3.1.2.jar
7f645b84c000-7f645b850000 r--s 00031000 fd:00 108879565                  /home/kkaralas/Apache/spark-2.1.0-bin-hadoop2.7/jars/jline-2.12.1.jar
7f645b850000-7f645b855000 r--s 0004e000 fd:00 114057343                  /home/kkaralas/Apache/spark-2.1.0-bin-hadoop2.7/jars/datanucleus-api-jdo-3.2.6.jar
7f645b855000-7f645b857000 r--s 00008000 fd:00 114057342                  /home/kkaralas/Apache/spark-2.1.0-bin-hadoop2.7/jars/parquet-common-1.8.1.jar
7f645b857000-7f645b860000 r--s 00062000 fd:00 114057341                  /home/kkaralas/Apache/spark-2.1.0-bin-hadoop2.7/jars/avro-1.7.7.jar
7f645b860000-7f645b864000 r--s 0001a000 fd:00 114057340                  /home/kkaralas/Apache/spark-2.1.0-bin-hadoop2.7/jars/hk2-utils-2.4.0-b34.jar
7f645b864000-7f645b869000 r--s 0002a000 fd:00 114057339                  /home/kkaralas/Apache/spark-2.1.0-bin-hadoop2.7/jars/commons-beanutils-1.7.0.jar
7f645b869000-7f645b86c000 r--s 0000e000 fd:00 114057338                  /home/kkaralas/Apache/spark-2.1.0-bin-hadoop2.7/jars/jersey-container-servlet-core-2.22.2.jar
7f645b86c000-7f645b871000 r--s 00036000 fd:00 114057337                  /home/kkaralas/Apache/spark-2.1.0-bin-hadoop2.7/jars/commons-compress-1.4.1.jar
7f645b871000-7f645b875000 r--s 00028000 fd:00 114057336                  /home/kkaralas/Apache/spark-2.1.0-bin-hadoop2.7/jars/jetty-util-6.1.26.jar
7f645b875000-7f645b890000 r--s 001d8000 fd:00 114057335                  /home/kkaralas/Apache/spark-2.1.0-bin-hadoop2.7/jars/jets3t-0.9.3.jar
7f645b890000-7f645b8a8000 r--s 000d6000 fd:00 114057334                  /home/kkaralas/Apache/spark-2.1.0-bin-hadoop2.7/jars/jersey-guava-2.22.2.jar
7f645b8a8000-7f645b8aa000 r--s 00003000 fd:00 114057333                  /home/kkaralas/Apache/spark-2.1.0-bin-hadoop2.7/jars/jersey-container-servlet-2.22.2.jar
7f645b8aa000-7f645b8c2000 r--s 001b6000 fd:00 114057332                  /home/kkaralas/Apache/spark-2.1.0-bin-hadoop2.7/jars/datanucleus-core-3.2.10.jar
7f645b8c2000-7f645b8f8000 r--s 0031c000 fd:00 114057329                  /home/kkaralas/Apache/spark-2.1.0-bin-hadoop2.7/jars/hadoop-common-2.7.3.jar
7f645b8f8000-7f645b8fc000 r--s 00029000 fd:00 114057328                  /home/kkaralas/Apache/spark-2.1.0-bin-hadoop2.7/jars/breeze-macros_2.11-0.12.jar
7f645b8fc000-7f645b909000 r--s 000b1000 fd:00 114057325                  /home/kkaralas/Apache/spark-2.1.0-bin-hadoop2.7/jars/hadoop-mapreduce-client-common-2.7.3.jar
7f645b909000-7f645b92a000 rw-p 00000000 00:00 0 
7f645b92a000-7f645b9fa000 r--s 00cf0000 fd:00 114057320                  /home/kkaralas/Apache/spark-2.1.0-bin-hadoop2.7/jars/breeze_2.11-0.12.jar
7f645b9fa000-7f645b9fb000 ---p 00000000 00:00 0 
7f645b9fb000-7f645bafb000 rw-p 00000000 00:00 0                          [stack:4835]
7f645bafb000-7f645bafe000 ---p 00000000 00:00 0 
7f645bafe000-7f645bbfc000 rw-p 00000000 00:00 0                          [stack:4834]
7f645bbfc000-7f645bbff000 ---p 00000000 00:00 0 
7f645bbff000-7f645bcfd000 rw-p 00000000 00:00 0                          [stack:4833]
7f645bcfd000-7f645bd00000 ---p 00000000 00:00 0 
7f645bd00000-7f645bdfe000 rw-p 00000000 00:00 0                          [stack:4832]
7f645bdfe000-7f645be01000 ---p 00000000 00:00 0 
7f645be01000-7f645beff000 rw-p 00000000 00:00 0                          [stack:4831]
7f645beff000-7f645bf02000 ---p 00000000 00:00 0 
7f645bf02000-7f645c000000 rw-p 00000000 00:00 0                          [stack:4830]
7f645c000000-7f645c021000 rw-p 00000000 00:00 0 
7f645c021000-7f6460000000 ---p 00000000 00:00 0 
7f6460000000-7f64602f7000 rw-p 00000000 00:00 0 
7f64602f7000-7f6464000000 ---p 00000000 00:00 0 
7f6464000000-7f646402e000 rw-p 00000000 00:00 0 
7f646402e000-7f6468000000 ---p 00000000 00:00 0 
7f6468000000-7f6468002000 r--s 0000f000 fd:00 114057330                  /home/kkaralas/Apache/spark-2.1.0-bin-hadoop2.7/jars/activation-1.1.1.jar
7f6468002000-7f6468004000 r--s 00015000 fd:00 114057327                  /home/kkaralas/Apache/spark-2.1.0-bin-hadoop2.7/jars/hadoop-auth-2.7.3.jar
7f6468004000-7f6468007000 r--s 0002f000 fd:00 114057326                  /home/kkaralas/Apache/spark-2.1.0-bin-hadoop2.7/jars/RoaringBitmap-0.5.11.jar
7f6468007000-7f6468009000 r--s 00008000 fd:00 114057324                  /home/kkaralas/Apache/spark-2.1.0-bin-hadoop2.7/jars/metrics-jvm-3.1.2.jar
7f6468009000-7f6468010000 r--s 00051000 fd:00 114057323                  /home/kkaralas/Apache/spark-2.1.0-bin-hadoop2.7/jars/kryo-shaded-3.0.3.jar
7f6468010000-7f6468013000 r--s 00028000 fd:00 114057322                  /home/kkaralas/Apache/spark-2.1.0-bin-hadoop2.7/jars/stream-2.7.0.jar
7f6468013000-7f6468017000 r--s 00028000 fd:00 114057321                  /home/kkaralas/Apache/spark-2.1.0-bin-hadoop2.7/jars/spark-mllib-local_2.11-2.1.0.jar
7f6468017000-7f6468082000 r--s 00784000 fd:00 114057314                  /home/kkaralas/Apache/spark-2.1.0-bin-hadoop2.7/jars/hadoop-hdfs-2.7.3.jar
7f6468082000-7f6468085000 ---p 00000000 00:00 0 
7f6468085000-7f6468183000 rw-p 00000000 00:00 0                          [stack:4829]
7f6468183000-7f6468184000 ---p 00000000 00:00 0 
7f6468184000-7f6468c3f000 rw-p 00000000 00:00 0                          [stack:4828]
7f6468c3f000-7f6468e18000 r--s 03d3e000 fd:00 6428483                    /opt/jdk1.8.0_121/jre/lib/rt.jar
7f6468e18000-7f64696e9000 rw-p 00000000 00:00 0 
7f64696e9000-7f647f662000 rw-p 00000000 00:00 0 
7f647f662000-7f647f83f000 ---p 00000000 00:00 0 
7f647f83f000-7f64803b8000 rw-p 00000000 00:00 0 
7f64803b8000-7f6480594000 ---p 00000000 00:00 0 
7f6480594000-7f6480c3f000 rw-p 00000000 00:00 0 
7f6480c3f000-7f6480c6f000 rw-p 00000000 00:00 0 
7f6480c6f000-7f6481000000 ---p 00000000 00:00 0 
7f6481000000-7f6481bb0000 rwxp 00000000 00:00 0 
7f6481bb0000-7f6490000000 ---p 00000000 00:00 0 
7f6490000000-7f649221e000 rw-p 00000000 00:00 0 
7f649221e000-7f6494000000 ---p 00000000 00:00 0 
7f6494000000-7f6494001000 r--s 00002000 fd:00 109015322                  /home/kkaralas/Apache/spark-2.1.0-bin-hadoop2.7/jars/java-xmlbuilder-1.0.jar
7f6494001000-7f6494015000 r--s 000ec000 fd:00 114057318                  /home/kkaralas/Apache/spark-2.1.0-bin-hadoop2.7/jars/parquet-jackson-1.8.1.jar
7f6494015000-7f6494019000 r--s 00025000 fd:00 114057317                  /home/kkaralas/Apache/spark-2.1.0-bin-hadoop2.7/jars/antlr-runtime-3.4.jar
7f6494019000-7f6494041000 rw-p 00000000 00:00 0 
7f6494041000-7f6494042000 ---p 00000000 00:00 0 
7f6494042000-7f6494142000 rw-p 00000000 00:00 0                          [stack:4827]
7f6494142000-7f6494143000 ---p 00000000 00:00 0 
7f6494143000-7f6494243000 rw-p 00000000 00:00 0                          [stack:4826]
7f6494243000-7f649425d000 r-xp 00000000 fd:00 105719164                  /opt/jdk1.8.0_121/jre/lib/amd64/libzip.so
7f649425d000-7f649445d000 ---p 0001a000 fd:00 105719164                  /opt/jdk1.8.0_121/jre/lib/amd64/libzip.so
7f649445d000-7f649445e000 rw-p 0001a000 fd:00 105719164                  /opt/jdk1.8.0_121/jre/lib/amd64/libzip.so
7f649445e000-7f6494469000 r-xp 00000000 fd:00 67169592                   /usr/lib64/libnss_files-2.17.so
7f6494469000-7f6494668000 ---p 0000b000 fd:00 67169592                   /usr/lib64/libnss_files-2.17.so
7f6494668000-7f6494669000 r--p 0000a000 fd:00 67169592                   /usr/lib64/libnss_files-2.17.so
7f6494669000-7f649466a000 rw-p 0000b000 fd:00 67169592                   /usr/lib64/libnss_files-2.17.so
7f649466a000-7f6494670000 rw-p 00000000 00:00 0 
7f6494670000-7f649469b000 r-xp 00000000 fd:00 105719189                  /opt/jdk1.8.0_121/jre/lib/amd64/libjava.so
7f649469b000-7f649489a000 ---p 0002b000 fd:00 105719189                  /opt/jdk1.8.0_121/jre/lib/amd64/libjava.so
7f649489a000-7f649489c000 rw-p 0002a000 fd:00 105719189                  /opt/jdk1.8.0_121/jre/lib/amd64/libjava.so
7f649489c000-7f64948a9000 r-xp 00000000 fd:00 105719142                  /opt/jdk1.8.0_121/jre/lib/amd64/libverify.so
7f64948a9000-7f6494aa8000 ---p 0000d000 fd:00 105719142                  /opt/jdk1.8.0_121/jre/lib/amd64/libverify.so
7f6494aa8000-7f6494aaa000 rw-p 0000c000 fd:00 105719142                  /opt/jdk1.8.0_121/jre/lib/amd64/libverify.so
7f6494aaa000-7f6494ab1000 r-xp 00000000 fd:00 67169604                   /usr/lib64/librt-2.17.so
7f6494ab1000-7f6494cb0000 ---p 00007000 fd:00 67169604                   /usr/lib64/librt-2.17.so
7f6494cb0000-7f6494cb1000 r--p 00006000 fd:00 67169604                   /usr/lib64/librt-2.17.so
7f6494cb1000-7f6494cb2000 rw-p 00007000 fd:00 67169604                   /usr/lib64/librt-2.17.so
7f6494cb2000-7f6494db3000 r-xp 00000000 fd:00 67169582                   /usr/lib64/libm-2.17.so
7f6494db3000-7f6494fb2000 ---p 00101000 fd:00 67169582                   /usr/lib64/libm-2.17.so
7f6494fb2000-7f6494fb3000 r--p 00100000 fd:00 67169582                   /usr/lib64/libm-2.17.so
7f6494fb3000-7f6494fb4000 rw-p 00101000 fd:00 67169582                   /usr/lib64/libm-2.17.so
7f6494fb4000-7f6495c82000 r-xp 00000000 fd:00 36522073                   /opt/jdk1.8.0_121/jre/lib/amd64/server/libjvm.so
7f6495c82000-7f6495e82000 ---p 00cce000 fd:00 36522073                   /opt/jdk1.8.0_121/jre/lib/amd64/server/libjvm.so
7f6495e82000-7f6495f5b000 rw-p 00cce000 fd:00 36522073                   /opt/jdk1.8.0_121/jre/lib/amd64/server/libjvm.so
7f6495f5b000-7f6495fa6000 rw-p 00000000 00:00 0 
7f6495fa6000-7f649615c000 r-xp 00000000 fd:00 67169574                   /usr/lib64/libc-2.17.so
7f649615c000-7f649635c000 ---p 001b6000 fd:00 67169574                   /usr/lib64/libc-2.17.so
7f649635c000-7f6496360000 r--p 001b6000 fd:00 67169574                   /usr/lib64/libc-2.17.so
7f6496360000-7f6496362000 rw-p 001ba000 fd:00 67169574                   /usr/lib64/libc-2.17.so
7f6496362000-7f6496367000 rw-p 00000000 00:00 0 
7f6496367000-7f649636a000 r-xp 00000000 fd:00 67169580                   /usr/lib64/libdl-2.17.so
7f649636a000-7f6496569000 ---p 00003000 fd:00 67169580                   /usr/lib64/libdl-2.17.so
7f6496569000-7f649656a000 r--p 00002000 fd:00 67169580                   /usr/lib64/libdl-2.17.so
7f649656a000-7f649656b000 rw-p 00003000 fd:00 67169580                   /usr/lib64/libdl-2.17.so
7f649656b000-7f6496580000 r-xp 00000000 fd:00 105718940                  /opt/jdk1.8.0_121/lib/amd64/jli/libjli.so
7f6496580000-7f6496780000 ---p 00015000 fd:00 105718940                  /opt/jdk1.8.0_121/lib/amd64/jli/libjli.so
7f6496780000-7f6496781000 rw-p 00015000 fd:00 105718940                  /opt/jdk1.8.0_121/lib/amd64/jli/libjli.so
7f6496781000-7f6496797000 r-xp 00000000 fd:00 67169600                   /usr/lib64/libpthread-2.17.so
7f6496797000-7f6496997000 ---p 00016000 fd:00 67169600                   /usr/lib64/libpthread-2.17.so
7f6496997000-7f6496998000 r--p 00016000 fd:00 67169600                   /usr/lib64/libpthread-2.17.so
7f6496998000-7f6496999000 rw-p 00017000 fd:00 67169600                   /usr/lib64/libpthread-2.17.so
7f6496999000-7f649699d000 rw-p 00000000 00:00 0 
7f649699d000-7f64969be000 r-xp 00000000 fd:00 67169567                   /usr/lib64/ld-2.17.so
7f64969be000-7f64969bf000 r--s 00003000 fd:00 114057331                  /home/kkaralas/Apache/spark-2.1.0-bin-hadoop2.7/jars/jta-1.1.jar
7f64969bf000-7f64969c1000 r--s 00009000 fd:00 114057319                  /home/kkaralas/Apache/spark-2.1.0-bin-hadoop2.7/jars/spark-unsafe_2.11-2.1.0.jar
7f64969c1000-7f64969d9000 r--s 00115000 fd:00 114057316                  /home/kkaralas/Apache/spark-2.1.0-bin-hadoop2.7/jars/xercesImpl-2.9.1.jar
7f64969d9000-7f64969db000 r--s 0000e000 fd:00 114057315                  /home/kkaralas/Apache/spark-2.1.0-bin-hadoop2.7/jars/oro-2.0.8.jar
7f64969db000-7f64969dc000 r--s 00009000 fd:00 114057313                  /home/kkaralas/Apache/spark-2.1.0-bin-hadoop2.7/jars/hadoop-annotations-2.7.3.jar
7f64969dc000-7f6496aa4000 rw-p 00000000 00:00 0 
7f6496aa4000-7f6496aa7000 ---p 00000000 00:00 0 
7f6496aa7000-7f6496ba9000 rw-p 00000000 00:00 0                          [stack:4825]
7f6496ba9000-7f6496bac000 r--s 00015000 fd:00 114057312                  /home/kkaralas/Apache/spark-2.1.0-bin-hadoop2.7/jars/javax.servlet-api-3.1.0.jar
7f6496bac000-7f6496bb0000 r--s 00030000 fd:00 114057311                  /home/kkaralas/Apache/spark-2.1.0-bin-hadoop2.7/jars/commons-net-2.2.jar
7f6496bb0000-7f6496bb3000 r--s 00019000 fd:00 114057310                  /home/kkaralas/Apache/spark-2.1.0-bin-hadoop2.7/jars/bonecp-0.8.0.RELEASE.jar
7f6496bb3000-7f6496bbb000 rw-s 00000000 fd:00 7772736                    /tmp/hsperfdata_kkaralas/4804
7f6496bbb000-7f6496bbc000 rw-p 00000000 00:00 0 
7f6496bbc000-7f6496bbd000 ---p 00000000 00:00 0 
7f6496bbd000-7f6496bbe000 rw-p 00000000 00:00 0 
7f6496bbe000-7f6496bbf000 r--p 00021000 fd:00 67169567                   /usr/lib64/ld-2.17.so
7f6496bbf000-7f6496bc0000 rw-p 00022000 fd:00 67169567                   /usr/lib64/ld-2.17.so
7f6496bc0000-7f6496bc1000 rw-p 00000000 00:00 0 
7fffb6d10000-7fffb6d32000 rw-p 00000000 00:00 0                          [stack]
7fffb6dfb000-7fffb6dfd000 r-xp 00000000 00:00 0                          [vdso]
ffffffffff600000-ffffffffff601000 r-xp 00000000 00:00 0                  [vsyscall]

VM Arguments:
jvm_args: -Xmx10G -XX:+UseCompressedOops -XX:MaxPermSize=2g -Xms1g 
java_command: org.apache.spark.deploy.SparkSubmit --master local[4] --conf spark.driver.memory=10G --conf spark.yarn.driver.memoryOverhead=1g --conf spark.driver.maxResultSize=5g --conf spark.network.timeout=240s --conf spark.yarn.executor.memoryOverhead=1g --conf spark.driver.extraJavaOptions=-XX:+UseCompressedOops -XX:MaxPermSize=2g -d64 -Xms1g --name  Ingest --driver-cores 1 --executor-memory 8g --executor-cores 1 ingest/target/scala-2.11/ingest-assembly-0.1.0.jar --backend-profiles file:////home/kkaralas/Documents/geotrellis-sentinel-demo/conf/backend-profiles.json --input file:///home/kkaralas/Documents/geotrellis-sentinel-demo/conf/input-local.json --output file:///home/kkaralas/Documents/geotrellis-sentinel-demo/conf/output-local.json
java_class_path (initial): /home/kkaralas/Apache/spark-2.1.0-bin-hadoop2.7/conf/:/home/kkaralas/Apache/spark-2.1.0-bin-hadoop2.7/jars/bonecp-0.8.0.RELEASE.jar:/home/kkaralas/Apache/spark-2.1.0-bin-hadoop2.7/jars/commons-net-2.2.jar:/home/kkaralas/Apache/spark-2.1.0-bin-hadoop2.7/jars/javax.servlet-api-3.1.0.jar:/home/kkaralas/Apache/spark-2.1.0-bin-hadoop2.7/jars/hadoop-annotations-2.7.3.jar:/home/kkaralas/Apache/spark-2.1.0-bin-hadoop2.7/jars/hadoop-hdfs-2.7.3.jar:/home/kkaralas/Apache/spark-2.1.0-bin-hadoop2.7/jars/oro-2.0.8.jar:/home/kkaralas/Apache/spark-2.1.0-bin-hadoop2.7/jars/xercesImpl-2.9.1.jar:/home/kkaralas/Apache/spark-2.1.0-bin-hadoop2.7/jars/antlr-runtime-3.4.jar:/home/kkaralas/Apache/spark-2.1.0-bin-hadoop2.7/jars/parquet-jackson-1.8.1.jar:/home/kkaralas/Apache/spark-2.1.0-bin-hadoop2.7/jars/spark-unsafe_2.11-2.1.0.jar:/home/kkaralas/Apache/spark-2.1.0-bin-hadoop2.7/jars/breeze_2.11-0.12.jar:/home/kkaralas/Apache/spark-2.1.0-bin-hadoop2.7/jars/spark-mllib-local_2.11-2.1.0.jar:/home/kkaralas/Apache/spark-2.1.0-bin-hadoop2.7/jars/stream-2.7.0.jar:/home/kkaralas/Apache/spark-2.1.0-bin-hadoop2.7/jars/kryo-shaded-3.0.3.jar:/home/kkaralas/Apache/spark-2.1.0-bin-hadoop2.7/jars/metrics-jvm-3.1.2.jar:/home/kkaralas/Apache/spark-2.1.0-bin-hadoop2.7/jars/hadoop-mapreduce-client-common-2.7.3.jar:/home/kkaralas/Apache/spark-2.1.0-bin-hadoop2.7/jars/RoaringBitmap-0.5.11.jar:/home/kkaralas/Apache/spark-2.1.0-bin-hadoop2.7/jars/hadoop-auth-2.7.3.jar:/home/kkaralas/Apache/spark-2.1.0-bin-hadoop2.7/jars/breeze-macros_2.11-0.12.jar:/home/kkaralas/Apache/spark-2.1.0-bin-hadoop2.7/jars/hadoop-common-2.7.3.jar:/home/kkaralas/Apache/spark-2.1.0-bin-hadoop2.7/jars/activation-1.1.1.jar:/home/kkaralas/Apache/spark-2.1.0-bin-hadoop2.7/jars/jta-1.1.jar:/home/kkaralas/Apache/spark-2.1.0-bin-hadoop2.7/jars/datanucleus-core-3.2.10.jar:/home/kkaralas/Apache/spark-2.1.0-bin-hadoop2.7/jars/jersey-container-servlet-2.22.2.jar:/home/kkaralas/Apache/spark-2.1.0-bin-hadoop2.7/jars/jerse
Launcher Type: SUN_STANDARD

Environment Variables:
JAVA_HOME=/opt/jdk1.8.0_121/
PATH=/opt/jdk1.8.0_121//bin:/opt/jdk1.8.0_121//bin:/usr/lib64/qt-3.3/bin:/usr/local/bin:/usr/local/sbin:/usr/bin:/usr/sbin:/bin:/sbin:/opt/dbeaver:/home/kkaralas/Apache/spark-2.1.0-bin-hadoop2.7/bin:/home/kkaralas/.local/bin:/home/kkaralas/bin:/opt/dbeaver:/home/kkaralas/Apache/spark-2.1.0-bin-hadoop2.7/bin
USERNAME=kkaralas
SHELL=/bin/bash
DISPLAY=:0

Signal Handlers:
SIGSEGV: [libjvm.so+0xac78c0], sa_mask[0]=11111111011111111101111111111110, sa_flags=SA_RESTART|SA_SIGINFO
SIGBUS: [libjvm.so+0xac78c0], sa_mask[0]=11111111011111111101111111111110, sa_flags=SA_RESTART|SA_SIGINFO
SIGFPE: [libjvm.so+0x920ac0], sa_mask[0]=11111111011111111101111111111110, sa_flags=SA_RESTART|SA_SIGINFO
SIGPIPE: [libjvm.so+0x920ac0], sa_mask[0]=11111111011111111101111111111110, sa_flags=SA_RESTART|SA_SIGINFO
SIGXFSZ: [libjvm.so+0x920ac0], sa_mask[0]=11111111011111111101111111111110, sa_flags=SA_RESTART|SA_SIGINFO
SIGILL: [libjvm.so+0x920ac0], sa_mask[0]=11111111011111111101111111111110, sa_flags=SA_RESTART|SA_SIGINFO
SIGUSR1: SIG_DFL, sa_mask[0]=00000000000000000000000000000000, sa_flags=none
SIGUSR2: [libjvm.so+0x922300], sa_mask[0]=00000000000000000000000000000000, sa_flags=SA_RESTART|SA_SIGINFO
SIGHUP: [libjvm.so+0x923700], sa_mask[0]=11111111011111111101111111111110, sa_flags=SA_RESTART|SA_SIGINFO
SIGINT: [libjvm.so+0x923700], sa_mask[0]=11111111011111111101111111111110, sa_flags=SA_RESTART|SA_SIGINFO
SIGTERM: [libjvm.so+0x923700], sa_mask[0]=11111111011111111101111111111110, sa_flags=SA_RESTART|SA_SIGINFO
SIGQUIT: [libjvm.so+0x923700], sa_mask[0]=11111111011111111101111111111110, sa_flags=SA_RESTART|SA_SIGINFO


---------------  S Y S T E M  ---------------

OS:CentOS Linux release 7.2.1511 (Core) 

uname:Linux 3.10.0-327.el7.x86_64 #1 SMP Thu Nov 19 22:10:57 UTC 2015 x86_64
libc:glibc 2.17 NPTL 2.17 
rlimit: STACK 8192k, CORE 0k, NPROC 4096, NOFILE 4096, AS infinity
load average:3.30 2.34 1.12

/proc/meminfo:
MemTotal:       11168120 kB
MemFree:          146116 kB
MemAvailable:      88820 kB
Buffers:               0 kB
Cached:           134452 kB
SwapCached:       109452 kB
Active:          6498648 kB
Inactive:        1205668 kB
Active(anon):    6496580 kB
Inactive(anon):  1198800 kB
Active(file):       2068 kB
Inactive(file):     6868 kB
Unevictable:     3075880 kB
Mlocked:         3075880 kB
SwapTotal:       3354620 kB
SwapFree:         629340 kB
Dirty:               188 kB
Writeback:         33052 kB
AnonPages:      10557252 kB
Mapped:           127560 kB
Shmem:              1652 kB
Slab:              91836 kB
SReclaimable:      45400 kB
SUnreclaim:        46436 kB
KernelStack:        7584 kB
PageTables:        49272 kB
NFS_Unstable:          0 kB
Bounce:                0 kB
WritebackTmp:          0 kB
CommitLimit:     8938680 kB
Committed_AS:   15700080 kB
VmallocTotal:   34359738367 kB
VmallocUsed:       94180 kB
VmallocChunk:   34359636472 kB
HardwareCorrupted:     0 kB
AnonHugePages:   4114432 kB
HugePages_Total:       0
HugePages_Free:        0
HugePages_Rsvd:        0
HugePages_Surp:        0
Hugepagesize:       2048 kB
DirectMap4k:       89024 kB
DirectMap2M:    11507712 kB


CPU:total 2 (2 cores per cpu, 1 threads per core) family 6 model 60 stepping 3, cmov, cx8, fxsr, mmx, sse, sse2, sse3, ssse3, sse4.1, sse4.2, popcnt, avx, aes, clmul, lzcnt, tsc, tscinvbit

/proc/cpuinfo:
processor	: 0
vendor_id	: GenuineIntel
cpu family	: 6
model		: 60
model name	: Intel(R) Core(TM) i7-4790 CPU @ 3.60GHz
stepping	: 3
cpu MHz		: 3591.678
cache size	: 8192 KB
physical id	: 0
siblings	: 2
core id		: 0
cpu cores	: 2
apicid		: 0
initial apicid	: 0
fpu		: yes
fpu_exception	: yes
cpuid level	: 13
wp		: yes
flags		: fpu vme de pse tsc msr pae mce cx8 apic sep mtrr pge mca cmov pat pse36 clflush mmx fxsr sse sse2 ht syscall nx rdtscp lm constant_tsc rep_good nopl xtopology nonstop_tsc pni pclmulqdq ssse3 cx16 sse4_1 sse4_2 x2apic movbe popcnt aes xsave avx rdrand hypervisor lahf_lm abm
bogomips	: 7183.35
clflush size	: 64
cache_alignment	: 64
address sizes	: 39 bits physical, 48 bits virtual
power management:

processor	: 1
vendor_id	: GenuineIntel
cpu family	: 6
model		: 60
model name	: Intel(R) Core(TM) i7-4790 CPU @ 3.60GHz
stepping	: 3
cpu MHz		: 3591.678
cache size	: 8192 KB
physical id	: 0
siblings	: 2
core id		: 1
cpu cores	: 2
apicid		: 1
initial apicid	: 1
fpu		: yes
fpu_exception	: yes
cpuid level	: 13
wp		: yes
flags		: fpu vme de pse tsc msr pae mce cx8 apic sep mtrr pge mca cmov pat pse36 clflush mmx fxsr sse sse2 ht syscall nx rdtscp lm constant_tsc rep_good nopl xtopology nonstop_tsc pni pclmulqdq ssse3 cx16 sse4_1 sse4_2 x2apic movbe popcnt aes xsave avx rdrand hypervisor lahf_lm abm
bogomips	: 7183.35
clflush size	: 64
cache_alignment	: 64
address sizes	: 39 bits physical, 48 bits virtual
power management:



Memory: 4k page, physical 11168120k(146116k free), swap 3354620k(629340k free)

vm_info: Java HotSpot(TM) 64-Bit Server VM (25.121-b13) for linux-amd64 JRE (1.8.0_121-b13), built on Dec 12 2016 16:36:53 by "java_re" with gcc 4.3.0 20080428 (Red Hat 4.3.0-8)

time: Mon Mar 27 10:31:37 2017
elapsed time: 151 seconds (0d 0h 2m 31s)

